2023-09-21 11:54:19,658 [INFO] Activator:176 - 


2023-09-21 11:54:19,658 [INFO] Activator:177 - !SESSION log4j initialized
2023-09-21 11:54:21,357 [INFO] LogOutputStream:77 - [STDOUT_REDIRECT] 
2023-09-21 11:54:23,369 [INFO] ApplicationProperties:184 - Using Application install path: C:\ST\STM32CubeIDE_1.13.1\STM32CubeIDE\plugins\com.st.stm32cube.common.mx_6.9.1.202307191849
2023-09-21 11:54:23,383 [INFO] DbMcusXml:78 - Set database path to: C:\ST\STM32CubeIDE_1.13.1\STM32CubeIDE\plugins\com.st.stm32cube.common.mx_6.9.1.202307191849\\db\/mcu/
2023-09-21 11:54:23,383 [INFO] ApiDb:274 - Set plugin database path to: C:\ST\STM32CubeIDE_1.13.1\STM32CubeIDE\plugins\com.st.stm32cube.common.mx_6.9.1.202307191849\\db\/plugins/boardmanager/
2023-09-21 11:54:23,387 [WARN] ApiDb:259 - Overriding images path with different value:  => C:\ST\STM32CubeIDE_1.13.1\STM32CubeIDE\plugins\com.st.stm32cube.common.mx_6.9.1.202307191849\\db\/plugins/mcufinder/images/
2023-09-21 11:54:23,394 [INFO] ApiDb:250 - Set database path to: C:\Users\mimib\.stmcufinder\plugins\mcufinder//mcu/
2023-09-21 11:54:23,395 [INFO] DbMcusAds:125 - Set database path to: C:\Users\mimib\.stmcufinder\plugins\mcufinder//mcu/
2023-09-21 11:54:23,396 [INFO] CrossReferenceDbSqlite:203 - Set database path to: C:\Users\mimib\.stmcufinder\plugins\mcufinder//mcu/cs/
2023-09-21 11:54:23,501 [INFO] RulesReader:64 - Compatibility file has been processed (293 Rules)
2023-09-21 11:54:23,559 [INFO] DbMcusXml:78 - Set database path to: C:\ST\STM32CubeIDE_1.13.1\STM32CubeIDE\plugins\com.st.stm32cube.common.mx_6.9.1.202307191849\\db\/mcu/
2023-09-21 11:54:23,559 [INFO] ApiDb:274 - Set plugin database path to: C:\ST\STM32CubeIDE_1.13.1\STM32CubeIDE\plugins\com.st.stm32cube.common.mx_6.9.1.202307191849\\db\/plugins/boardmanager/
2023-09-21 11:54:23,560 [INFO] ApiDb:261 - Set plugin images path to: C:\ST\STM32CubeIDE_1.13.1\STM32CubeIDE\plugins\com.st.stm32cube.common.mx_6.9.1.202307191849\\db\/plugins/mcufinder/images/
2023-09-21 11:54:23,560 [WARN] DbFile:41 - Overriding database path with different value: C:\Users\mimib\.stmcufinder\plugins\mcufinder/ => C:\Users\mimib\.stmcufinder\plugins\mcufinder
2023-09-21 11:54:23,560 [INFO] ApiDb:250 - Set database path to: C:\Users\mimib\.stmcufinder\plugins\mcufinder//mcu/
2023-09-21 11:54:23,560 [WARN] DbFile:41 - Overriding database path with different value: C:\Users\mimib\.stmcufinder\plugins\mcufinder/ => C:\Users\mimib\.stmcufinder\plugins\mcufinder
2023-09-21 11:54:23,560 [INFO] DbMcusAds:125 - Set database path to: C:\Users\mimib\.stmcufinder\plugins\mcufinder//mcu/
2023-09-21 11:54:23,560 [WARN] DbFile:41 - Overriding database path with different value: C:\Users\mimib\.stmcufinder\plugins\mcufinder/ => C:\Users\mimib\.stmcufinder\plugins\mcufinder
2023-09-21 11:54:23,560 [WARN] DbFile:41 - Overriding database path with different value: C:\Users\mimib\.stmcufinder\plugins\mcufinder/ => C:\Users\mimib\.stmcufinder\plugins\mcufinder
2023-09-21 11:54:23,560 [INFO] CrossReferenceDbSqlite:203 - Set database path to: C:\Users\mimib\.stmcufinder\plugins\mcufinder//mcu/cs/
2023-09-21 11:54:23,615 [INFO] MainPanel:262 - HeapMemory: 268435456
2023-09-21 11:54:23,672 [INFO] DbMcusXml:78 - Set database path to: C:\ST\STM32CubeIDE_1.13.1\STM32CubeIDE\plugins\com.st.stm32cube.common.mx_6.9.1.202307191849\\db\/mcu/
2023-09-21 11:54:23,672 [INFO] ApiDb:274 - Set plugin database path to: C:\ST\STM32CubeIDE_1.13.1\STM32CubeIDE\plugins\com.st.stm32cube.common.mx_6.9.1.202307191849\\db\/plugins/boardmanager/
2023-09-21 11:54:23,673 [INFO] ApiDb:261 - Set plugin images path to: C:\ST\STM32CubeIDE_1.13.1\STM32CubeIDE\plugins\com.st.stm32cube.common.mx_6.9.1.202307191849\\db\/plugins/mcufinder/images/
2023-09-21 11:54:23,673 [WARN] DbFile:41 - Overriding database path with different value: C:\Users\mimib\.stmcufinder\plugins\mcufinder/ => C:\Users\mimib\.stmcufinder\plugins\mcufinder
2023-09-21 11:54:23,673 [INFO] ApiDb:250 - Set database path to: C:\Users\mimib\.stmcufinder\plugins\mcufinder//mcu/
2023-09-21 11:54:23,673 [WARN] DbFile:41 - Overriding database path with different value: C:\Users\mimib\.stmcufinder\plugins\mcufinder/ => C:\Users\mimib\.stmcufinder\plugins\mcufinder
2023-09-21 11:54:23,673 [INFO] DbMcusAds:125 - Set database path to: C:\Users\mimib\.stmcufinder\plugins\mcufinder//mcu/
2023-09-21 11:54:23,674 [WARN] DbFile:41 - Overriding database path with different value: C:\Users\mimib\.stmcufinder\plugins\mcufinder/ => C:\Users\mimib\.stmcufinder\plugins\mcufinder
2023-09-21 11:54:23,674 [WARN] DbFile:41 - Overriding database path with different value: C:\Users\mimib\.stmcufinder\plugins\mcufinder/ => C:\Users\mimib\.stmcufinder\plugins\mcufinder
2023-09-21 11:54:23,674 [INFO] CrossReferenceDbSqlite:203 - Set database path to: C:\Users\mimib\.stmcufinder\plugins\mcufinder//mcu/cs/
2023-09-21 11:54:23,689 [INFO] ApplicationProperties:184 - Using Application install path: C:\ST\STM32CubeIDE_1.13.1\STM32CubeIDE\plugins\com.st.stm32cube.common.mx_6.9.1.202307191849
2023-09-21 11:54:23,691 [INFO] PluginManage:196 - Search for loadable plugins [exclusion list=, ]
2023-09-21 11:54:23,692 [INFO] PluginManage:310 - Check plugin analytics
2023-09-21 11:54:23,846 [INFO] AnalyticsPlugin:253 - Accepted Software Licenses: 
2023-09-21 11:54:23,847 [INFO] AnalyticsPlugin:255 - Accepted CMSIS Pack Licenses: 
2023-09-21 11:54:23,847 [INFO] AnalyticsPlugin:257 - Accepted Firmware Licenses: FW.G4.1.5.0,FW.G0.1.6.0
2023-09-21 11:54:23,849 [INFO] PluginManage:359 - Loaded plugin analytics (category:tool,tabindex:-1)
2023-09-21 11:54:23,849 [INFO] PluginManage:310 - Check plugin cadmodel
2023-09-21 11:54:23,853 [INFO] CADModel:105 - Init CAD model plugin
2023-09-21 11:54:23,854 [INFO] PluginManage:359 - Loaded plugin cadmodel (category:power,tabindex:5)
2023-09-21 11:54:23,854 [INFO] PluginManage:310 - Check plugin clock
2023-09-21 11:54:23,862 [INFO] PluginManage:359 - Loaded plugin clock (category:base,tabindex:2)
2023-09-21 11:54:23,863 [INFO] PluginManage:310 - Check plugin ddr
2023-09-21 11:54:23,865 [INFO] PluginManage:359 - Loaded plugin ddr (category:tool,tabindex:6)
2023-09-21 11:54:23,865 [INFO] PluginManage:310 - Check plugin filemanager
2023-09-21 11:54:23,990 [INFO] PluginManage:359 - Loaded plugin filemanager (category:base,tabindex:10)
2023-09-21 11:54:23,990 [INFO] PluginManage:310 - Check plugin ipmanager
2023-09-21 11:54:23,997 [INFO] PluginManage:359 - Loaded plugin ipmanager (category:base,tabindex:5)
2023-09-21 11:54:23,997 [INFO] PluginManage:310 - Check plugin lpbam
2023-09-21 11:54:24,007 [INFO] PluginManage:359 - Loaded plugin lpbam (category:base,tabindex:0)
2023-09-21 11:54:24,007 [INFO] PluginManage:310 - Check plugin memorymap
2023-09-21 11:54:24,018 [INFO] PluginManage:359 - Loaded plugin memorymap (category:base,tabindex:4)
2023-09-21 11:54:24,019 [INFO] PluginManage:310 - Check plugin pinoutandconfiguration
2023-09-21 11:54:24,026 [INFO] PluginManage:359 - Loaded plugin pinoutandconfiguration (category:base,tabindex:1)
2023-09-21 11:54:24,026 [INFO] PluginManage:310 - Check plugin pinoutconfig
2023-09-21 11:54:24,114 [WARN] SupportedApi:132 - Cannot load RTOS API schema: s4s-elt-must-match.1: The content of 'definitions' must match (annotation?, (simpleType | complexType)?, (unique | key | keyref)*)). A problem was found starting at: attribute.
2023-09-21 11:54:24,224 [INFO] PluginManage:359 - Loaded plugin pinoutconfig (category:base,tabindex:0)
2023-09-21 11:54:24,224 [INFO] PluginManage:310 - Check plugin power
2023-09-21 11:54:24,231 [INFO] PluginManage:359 - Loaded plugin power (category:power,tabindex:4)
2023-09-21 11:54:24,231 [INFO] PluginManage:310 - Check plugin projectmanager
2023-09-21 11:54:24,244 [INFO] PluginManage:359 - Loaded plugin projectmanager (category:projectmanager,tabindex:3)
2023-09-21 11:54:24,244 [INFO] PluginManage:310 - Check plugin thirdparty
2023-09-21 11:54:24,340 [INFO] PluginManage:359 - Loaded plugin thirdparty (category:base,tabindex:-1)
2023-09-21 11:54:24,340 [INFO] PluginManage:310 - Check plugin tools
2023-09-21 11:54:24,340 [WARN] IntegrityCheckThread:84 - waiting for thirdparty lock release [integrity check]
2023-09-21 11:54:24,340 [INFO] IntegrityCheckThread:86 - entering critical section [integrity check]
2023-09-21 11:54:24,341 [INFO] ThirdPartyUpdaterWithRetryManager:70 - Updater plugin not ready yet. [1/15]
2023-09-21 11:54:24,342 [INFO] PluginManage:359 - Loaded plugin tools (category:base,tabindex:7)
2023-09-21 11:54:24,343 [INFO] PluginManage:310 - Check plugin tutovideos
2023-09-21 11:54:24,480 [INFO] PluginManage:359 - Loaded plugin tutovideos (category:base,tabindex:-1)
2023-09-21 11:54:24,480 [INFO] PluginManage:310 - Check plugin updater
2023-09-21 11:54:24,491 [INFO] PluginManage:359 - Loaded plugin updater (category:base,tabindex:12)
2023-09-21 11:54:24,491 [INFO] PluginManage:310 - Check plugin userauth
2023-09-21 11:54:24,495 [INFO] UserAuth:113 - Init User Auth plugin
2023-09-21 11:54:24,496 [INFO] PluginManage:359 - Loaded plugin userauth (category:base,tabindex:14)
2023-09-21 11:54:24,496 [INFO] PluginManage:283 - PluginManage : Loaded plugins [17]
2023-09-21 11:54:24,707 [INFO] PinOutPanel:1499 - setPackage(No Configuration,No Configuration)
2023-09-21 11:54:24,805 [INFO] CADModel:165 - CPN selected for project level
2023-09-21 11:54:24,805 [INFO] CADModel:114 - Register for checkConnection events
2023-09-21 11:54:24,822 [INFO] IPUIPlugin:80 - create IPUIPlugin
2023-09-21 11:54:24,822 [INFO] PluginManager:220 - loadIPPluginJar : add adc
2023-09-21 11:54:24,824 [INFO] IPUIPlugin:80 - create IPUIPlugin
2023-09-21 11:54:24,825 [INFO] PluginManager:220 - loadIPPluginJar : add aes
2023-09-21 11:54:24,827 [INFO] IPUIPlugin:80 - create IPUIPlugin
2023-09-21 11:54:24,827 [INFO] PluginManager:220 - loadIPPluginJar : add can
2023-09-21 11:54:24,828 [INFO] IPUIPlugin:80 - create IPUIPlugin
2023-09-21 11:54:24,828 [INFO] PluginManager:220 - loadIPPluginJar : add comp
2023-09-21 11:54:24,830 [INFO] IPUIPlugin:80 - create IPUIPlugin
2023-09-21 11:54:24,830 [INFO] PluginManager:220 - loadIPPluginJar : add cryp
2023-09-21 11:54:24,832 [INFO] IPUIPlugin:80 - create IPUIPlugin
2023-09-21 11:54:24,832 [INFO] PluginManager:220 - loadIPPluginJar : add dfsdm
2023-09-21 11:54:24,837 [INFO] IPUIPlugin:80 - create IPUIPlugin
2023-09-21 11:54:24,838 [INFO] PluginManager:220 - loadIPPluginJar : add dma
2023-09-21 11:54:24,840 [INFO] IPUIPlugin:80 - create IPUIPlugin
2023-09-21 11:54:24,840 [INFO] PluginManager:220 - loadIPPluginJar : add dma3
2023-09-21 11:54:24,841 [INFO] IPUIPlugin:80 - create IPUIPlugin
2023-09-21 11:54:24,841 [INFO] PluginManager:220 - loadIPPluginJar : add fatfs
2023-09-21 11:54:24,845 [INFO] IPUIPlugin:80 - create IPUIPlugin
2023-09-21 11:54:24,845 [INFO] PluginManager:220 - loadIPPluginJar : add fmc
2023-09-21 11:54:24,849 [INFO] IPUIPlugin:80 - create IPUIPlugin
2023-09-21 11:54:24,849 [INFO] PluginManager:220 - loadIPPluginJar : add freertos
2023-09-21 11:54:24,850 [INFO] IPUIPlugin:80 - create IPUIPlugin
2023-09-21 11:54:24,850 [INFO] PluginManager:220 - loadIPPluginJar : add genericplugin
2023-09-21 11:54:24,852 [INFO] IPUIPlugin:80 - create IPUIPlugin
2023-09-21 11:54:24,852 [INFO] PluginManager:220 - loadIPPluginJar : add gfxmmu
2023-09-21 11:54:24,857 [INFO] IPUIPlugin:80 - create IPUIPlugin
2023-09-21 11:54:24,857 [INFO] PluginManager:220 - loadIPPluginJar : add gic
2023-09-21 11:54:24,860 [INFO] IPUIPlugin:80 - create IPUIPlugin
2023-09-21 11:54:24,860 [INFO] PluginManager:220 - loadIPPluginJar : add gpio
2023-09-21 11:54:24,863 [INFO] IPUIPlugin:80 - create IPUIPlugin
2023-09-21 11:54:24,863 [INFO] PluginManager:220 - loadIPPluginJar : add gtzc
2023-09-21 11:54:24,865 [INFO] IPUIPlugin:80 - create IPUIPlugin
2023-09-21 11:54:24,865 [INFO] PluginManager:220 - loadIPPluginJar : add hash
2023-09-21 11:54:24,867 [INFO] IPUIPlugin:80 - create IPUIPlugin
2023-09-21 11:54:24,867 [INFO] PluginManager:220 - loadIPPluginJar : add i2c
2023-09-21 11:54:24,869 [INFO] IPUIPlugin:80 - create IPUIPlugin
2023-09-21 11:54:24,869 [INFO] PluginManager:220 - loadIPPluginJar : add i2s
2023-09-21 11:54:24,871 [INFO] IPUIPlugin:80 - create IPUIPlugin
2023-09-21 11:54:24,871 [INFO] PluginManager:220 - loadIPPluginJar : add i3c
2023-09-21 11:54:24,874 [INFO] IPUIPlugin:80 - create IPUIPlugin
2023-09-21 11:54:24,874 [INFO] PluginManager:220 - loadIPPluginJar : add ipddr
2023-09-21 11:54:24,880 [INFO] IPUIPlugin:80 - create IPUIPlugin
2023-09-21 11:54:24,880 [INFO] PluginManager:220 - loadIPPluginJar : add linkedlist
2023-09-21 11:54:24,882 [INFO] IPUIPlugin:80 - create IPUIPlugin
2023-09-21 11:54:24,882 [INFO] PluginManager:220 - loadIPPluginJar : add lorawan
2023-09-21 11:54:24,883 [INFO] IPUIPlugin:80 - create IPUIPlugin
2023-09-21 11:54:24,884 [INFO] PluginManager:220 - loadIPPluginJar : add ltdc
2023-09-21 11:54:24,889 [INFO] IPUIPlugin:80 - create IPUIPlugin
2023-09-21 11:54:24,889 [INFO] PluginManager:220 - loadIPPluginJar : add mdma
2023-09-21 11:54:24,892 [INFO] IPUIPlugin:80 - create IPUIPlugin
2023-09-21 11:54:24,893 [INFO] PluginManager:220 - loadIPPluginJar : add nvic
2023-09-21 11:54:24,895 [INFO] IPUIPlugin:80 - create IPUIPlugin
2023-09-21 11:54:24,895 [INFO] PluginManager:220 - loadIPPluginJar : add opamp
2023-09-21 11:54:24,898 [INFO] IPUIPlugin:80 - create IPUIPlugin
2023-09-21 11:54:24,898 [INFO] PluginManager:220 - loadIPPluginJar : add openamp
2023-09-21 11:54:24,901 [INFO] IPUIPlugin:80 - create IPUIPlugin
2023-09-21 11:54:24,901 [INFO] PluginManager:220 - loadIPPluginJar : add pdm2pcm
2023-09-21 11:54:24,907 [INFO] IPUIPlugin:80 - create IPUIPlugin
2023-09-21 11:54:24,910 [INFO] PluginManager:220 - loadIPPluginJar : add plateformsettings
2023-09-21 11:54:24,911 [INFO] IPUIPlugin:80 - create IPUIPlugin
2023-09-21 11:54:24,911 [INFO] PluginManager:220 - loadIPPluginJar : add quadspi
2023-09-21 11:54:24,914 [INFO] IPUIPlugin:80 - create IPUIPlugin
2023-09-21 11:54:24,914 [INFO] PluginManager:220 - loadIPPluginJar : add resmgrutility
2023-09-21 11:54:24,917 [INFO] IPUIPlugin:80 - create IPUIPlugin
2023-09-21 11:54:24,917 [INFO] PluginManager:220 - loadIPPluginJar : add sai
2023-09-21 11:54:24,920 [INFO] IPUIPlugin:80 - create IPUIPlugin
2023-09-21 11:54:24,920 [INFO] PluginManager:220 - loadIPPluginJar : add spi
2023-09-21 11:54:24,924 [INFO] IPUIPlugin:80 - create IPUIPlugin
2023-09-21 11:54:24,925 [INFO] PluginManager:220 - loadIPPluginJar : add stm32_wpan
2023-09-21 11:54:24,926 [INFO] IPUIPlugin:80 - create IPUIPlugin
2023-09-21 11:54:24,926 [INFO] PluginManager:220 - loadIPPluginJar : add tim
2023-09-21 11:54:24,945 [INFO] IPUIPlugin:80 - create IPUIPlugin
2023-09-21 11:54:24,945 [INFO] PluginManager:220 - loadIPPluginJar : add touchsensing
2023-09-21 11:54:24,947 [INFO] IPUIPlugin:80 - create IPUIPlugin
2023-09-21 11:54:24,947 [INFO] PluginManager:220 - loadIPPluginJar : add tracer_emb
2023-09-21 11:54:24,949 [INFO] IPUIPlugin:80 - create IPUIPlugin
2023-09-21 11:54:24,949 [INFO] PluginManager:220 - loadIPPluginJar : add ts
2023-09-21 11:54:24,950 [INFO] IPUIPlugin:80 - create IPUIPlugin
2023-09-21 11:54:24,950 [INFO] PluginManager:220 - loadIPPluginJar : add tsc
2023-09-21 11:54:24,952 [INFO] IPUIPlugin:80 - create IPUIPlugin
2023-09-21 11:54:24,952 [INFO] PluginManager:220 - loadIPPluginJar : add ucpd
2023-09-21 11:54:24,955 [INFO] IPUIPlugin:80 - create IPUIPlugin
2023-09-21 11:54:24,955 [INFO] PluginManager:220 - loadIPPluginJar : add usart
2023-09-21 11:54:24,958 [INFO] IPUIPlugin:80 - create IPUIPlugin
2023-09-21 11:54:24,958 [INFO] PluginManager:220 - loadIPPluginJar : add usbx
2023-09-21 11:54:25,088 [INFO] CADModel:165 - CPN selected for project level
2023-09-21 11:54:25,089 [INFO] CADModel:114 - Register for checkConnection events
2023-09-21 11:54:25,089 [FATAL] Updater:308 - Updater called before beeing initialized
2023-09-21 11:54:25,090 [ERROR] CADModel:125 - Updater not yet initialized, retry later 
2023-09-21 11:54:25,243 [INFO] CADModel:165 - CPN selected for project level
2023-09-21 11:54:25,243 [INFO] CADModel:114 - Register for checkConnection events
2023-09-21 11:54:25,243 [FATAL] Updater:308 - Updater called before beeing initialized
2023-09-21 11:54:25,243 [ERROR] CADModel:125 - Updater not yet initialized, retry later 
2023-09-21 11:54:25,247 [FATAL] Updater:308 - Updater called before beeing initialized
2023-09-21 11:54:25,328 [FATAL] Updater:308 - Updater called before beeing initialized
2023-09-21 11:54:25,333 [INFO] DbMcusAds:53 - JSON generation date=Tue Mar 07 09:50:55 CET 2023 (1678179055335)
2023-09-21 11:54:25,333 [FATAL] Updater:308 - Updater called before beeing initialized
2023-09-21 11:54:25,369 [WARN] DetailPanel:346 - Failed to get advertising image, set to default
2023-09-21 11:54:25,466 [FATAL] Updater:308 - Updater called before beeing initialized
2023-09-21 11:54:25,468 [FATAL] Updater:308 - Updater called before beeing initialized
2023-09-21 11:54:25,469 [FATAL] Updater:308 - Updater called before beeing initialized
2023-09-21 11:54:25,469 [WARN] DetailPanel:346 - Failed to get advertising image, set to default
2023-09-21 11:54:25,469 [FATAL] Updater:308 - Updater called before beeing initialized
2023-09-21 11:54:25,509 [ERROR] Updater:1120 - MainUpdater not yet initialized. External WinMGr cannot be set.
2023-09-21 11:54:25,510 [INFO] Updater:1056 - Updater Version found : 6.9.1
2023-09-21 11:54:25,528 [INFO] ApplicationProperties:184 - Using Application install path: C:\ST\STM32CubeIDE_1.13.1\STM32CubeIDE\plugins\com.st.stm32cube.common.mx_6.9.1.202307191849
2023-09-21 11:54:25,633 [INFO] MainUpdater:2868 - connection check result : 10
2023-09-21 11:54:25,633 [INFO] MainUpdater:285 - Updater Check For Update Now.
2023-09-21 11:54:25,633 [INFO] MicroXplorer:498 - Change Database Version : DB.6.0.91
2023-09-21 11:54:25,639 [INFO] McuFinderGlobals:63 - Set McuFinder mode to 2 (CubeIDE integrated)
2023-09-21 11:54:25,816 [INFO] CheckServerUpdateThread:120 - End of CheckServer Thread
2023-09-21 11:54:27,459 [WARN] PackLoader:240 - Cannot read IP mode file for STMicroelectronics.X-CUBE-SMBUS.2.1.0
2023-09-21 11:54:27,532 [WARN] PackLoader:240 - Cannot read IP mode file for STMicroelectronics.X-CUBE-MEMS1.9.2.0
2023-09-21 11:54:27,690 [WARN] PackLoader:240 - Cannot read IP mode file for STMicroelectronics.X-CUBE-AZRTOS-F7.1.1.0
2023-09-21 11:54:27,698 [WARN] PackLoader:240 - Cannot read IP mode file for STMicroelectronics.X-CUBE-AI.7.1.0
2023-09-21 11:54:27,702 [WARN] PackLoader:240 - Cannot read IP mode file for STMicroelectronics.X-CUBE-TOUCHGFX.4.19.1
2023-09-21 11:54:27,707 [WARN] PackLoader:240 - Cannot read IP mode file for STMicroelectronics.FP-SNS-MOTENV1.4.3.2
2023-09-21 11:54:27,714 [WARN] PackLoader:240 - Cannot read IP mode file for STMicroelectronics.X-CUBE-BLE1.6.2.3
2023-09-21 11:54:27,719 [WARN] PackLoader:240 - Cannot read IP mode file for STMicroelectronics.X-CUBE-BLE1.6.2.4
2023-09-21 11:54:27,725 [WARN] PackLoader:240 - Cannot read IP mode file for STMicroelectronics.FP-SNS-FLIGHT1.5.0.2
2023-09-21 11:54:27,729 [WARN] PackLoader:240 - Cannot read IP mode file for STMicroelectronics.X-CUBE-BLE2.3.2.2
2023-09-21 11:54:27,737 [WARN] PackLoader:240 - Cannot read IP mode file for STMicroelectronics.X-CUBE-TOF1.3.1.0
2023-09-21 11:54:27,747 [WARN] PackLoader:240 - Cannot read IP mode file for STMicroelectronics.X-CUBE-DISPLAY.3.0.0
2023-09-21 11:54:27,754 [WARN] PackLoader:240 - Cannot read IP mode file for STMicroelectronics.X-CUBE-BLE1.7.0.0
2023-09-21 11:54:27,757 [WARN] PackLoader:240 - Cannot read IP mode file for STMicroelectronics.X-CUBE-TOUCHGFX.4.22.0
2023-09-21 11:54:27,798 [WARN] PackLoader:240 - Cannot read IP mode file for STMicroelectronics.X-CUBE-MEMS1.9.3.0
2023-09-21 11:54:27,910 [WARN] PackLoader:240 - Cannot read IP mode file for STMicroelectronics.X-CUBE-AI.7.2.0
2023-09-21 11:54:27,913 [WARN] PackLoader:240 - Cannot read IP mode file for STMicroelectronics.FP-SNS-SMARTAG2.1.2.0
2023-09-21 11:54:27,920 [INFO] LogOutputStream:77 - [STDOUT_REDIRECT] 1 : Invalid condition id : UX_CORESTACK_Condition cause : null
2023-09-21 11:54:27,920 [INFO] LogOutputStream:77 - [STDOUT_REDIRECT] 1 : Invalid condition id : UX_CORESTACK_Condition cause : null
2023-09-21 11:54:27,921 [INFO] LogOutputStream:77 - [STDOUT_REDIRECT] 1 : Invalid condition id : UX_CORESTACK_Condition cause : null
2023-09-21 11:54:27,922 [INFO] LogOutputStream:77 - [STDOUT_REDIRECT] 1 : Invalid condition id : UX_CORESTACK_Condition cause : null
2023-09-21 11:54:27,923 [INFO] LogOutputStream:77 - [STDOUT_REDIRECT] 1 : Invalid condition id : UX_CORESTACK_Condition cause : null
2023-09-21 11:54:27,924 [WARN] PackLoader:240 - Cannot read IP mode file for STMicroelectronics.X-CUBE-AZRTOS-WL.2.0.0
2023-09-21 11:54:27,931 [WARN] PackLoader:240 - Cannot read IP mode file for WES.I-CUBE-Cesium.1.3.0
2023-09-21 11:54:27,935 [WARN] PackLoader:240 - Cannot read IP mode file for STMicroelectronics.X-CUBE-BLE2.3.3.0
2023-09-21 11:54:27,939 [WARN] PackLoader:240 - Cannot read IP mode file for STMicroelectronics.X-CUBE-DISPLAY.2.2.0
2023-09-21 11:54:27,949 [WARN] PackLoader:240 - Cannot read IP mode file for STMicroelectronics.X-CUBE-TOF1.3.2.0
2023-09-21 11:54:27,956 [WARN] PackLoader:240 - Cannot read IP mode file for STMicroelectronics.X-CUBE-ISPU.1.0.0
2023-09-21 11:54:27,969 [WARN] PackLoader:240 - Cannot read IP mode file for STMicroelectronics.X-CUBE-AZRTOS-H7.2.1.0
2023-09-21 11:54:27,976 [WARN] PackLoader:240 - Cannot read IP mode file for STMicroelectronics.X-CUBE-TOUCHGFX.4.21.1
2023-09-21 11:54:28,014 [WARN] PackLoader:240 - Cannot read IP mode file for STMicroelectronics.X-CUBE-MEMS1.9.4.0
2023-09-21 11:54:28,169 [WARN] PackLoader:240 - Cannot read IP mode file for STMicroelectronics.X-CUBE-AI.7.3.0
2023-09-21 11:54:28,174 [WARN] PackLoader:240 - Cannot read IP mode file for STMicroelectronics.X-CUBE-ALGOBUILD.1.3.0
2023-09-21 11:54:28,183 [WARN] PackLoader:240 - Cannot read IP mode file for STMicroelectronics.X-CUBE-AZRTOS-G0.1.1.0
2023-09-21 11:54:28,187 [WARN] PackLoader:240 - Cannot read IP mode file for STMicroelectronics.X-CUBE-NFC4.3.0.0
2023-09-21 11:54:28,223 [WARN] PackLoader:240 - Cannot read IP mode file for SEGGER.I-CUBE-embOS.1.2.0
2023-09-21 11:54:28,268 [WARN] PackLoader:240 - Cannot read IP mode file for STMicroelectronics.X-CUBE-BLEMGR.1.3.0
2023-09-21 11:54:28,274 [WARN] PackLoader:240 - Cannot read IP mode file for STMicroelectronics.FP-ATR-SIGFOX1.3.2.0
2023-09-21 11:54:28,281 [WARN] PackLoader:240 - Cannot read IP mode file for emotas.I-CUBE-CANOPEN.1.1.2
2023-09-21 11:54:28,284 [WARN] PackLoader:240 - Cannot read IP mode file for STMicroelectronics.X-CUBE-TOUCHGFX.4.20.0
2023-09-21 11:54:28,305 [WARN] PackLoader:240 - Cannot read IP mode file for SEGGER.I-CUBE-embOS.1.3.1
2023-09-21 11:54:28,343 [WARN] PackLoader:240 - Cannot read IP mode file for STMicroelectronics.X-CUBE-TOF1.3.0.0
2023-09-21 11:54:28,348 [WARN] PackLoader:240 - Cannot read IP mode file for STMicroelectronics.X-CUBE-GNSS1.6.0.0
2023-09-21 11:54:28,359 [WARN] PackLoader:240 - Cannot read IP mode file for STMicroelectronics.X-CUBE-AZRTOS-F4.1.1.0
2023-09-21 11:54:28,367 [WARN] PackLoader:240 - Cannot read IP mode file for STMicroelectronics.X-CUBE-BLEMGR.1.2.0
2023-09-21 11:54:28,387 [WARN] PackLoader:240 - Cannot read IP mode file for STMicroelectronics.X-CUBE-AZRTOS-L5.2.0.0
2023-09-21 11:54:28,424 [WARN] PackLoader:240 - Cannot read IP mode file for STMicroelectronics.X-CUBE-MEMS1.9.6.0
2023-09-21 11:54:28,521 [WARN] PackLoader:240 - Cannot read IP mode file for STMicroelectronics.X-CUBE-BLEMGR.2.0.0
2023-09-21 11:54:28,525 [WARN] PackLoader:240 - Cannot read IP mode file for STMicroelectronics.X-CUBE-NFC4.2.0.4
2023-09-21 11:54:28,540 [WARN] ConditionMgr:438 - getConditionDescription Invalid condition id : UX DEVICE CLASS RTOS Condition cause : null
2023-09-21 11:54:28,540 [WARN] ConditionMgr:438 - getConditionDescription Invalid condition id : UX DEVICE CLASS RTOS Condition cause : null
2023-09-21 11:54:28,544 [WARN] PackLoader:240 - Cannot read IP mode file for STMicroelectronics.X-CUBE-AZRTOS-H7.3.1.0
2023-09-21 11:54:28,545 [WARN] ConditionMgr:1039 - genDependencies : Invalid condition id : UX DEVICE CLASS RTOS Condition cause : null
2023-09-21 11:54:28,545 [WARN] ConditionMgr:1039 - genDependencies : Invalid condition id : UX DEVICE CLASS RTOS Condition cause : null
2023-09-21 11:54:28,546 [WARN] ConditionMgr:1039 - genDependencies : Invalid condition id : UX DEVICE CLASS RTOS Condition cause : null
2023-09-21 11:54:28,546 [WARN] ConditionMgr:1039 - genDependencies : Invalid condition id : UX DEVICE CLASS RTOS Condition cause : null
2023-09-21 11:54:28,546 [WARN] ConditionMgr:1039 - genDependencies : Invalid condition id : UX DEVICE CLASS RTOS Condition cause : null
2023-09-21 11:54:28,554 [WARN] PackLoader:240 - Cannot read IP mode file for STMicroelectronics.X-CUBE-SFXS2LP1.3.1.0
2023-09-21 11:54:28,570 [WARN] PackLoader:240 - Cannot read IP mode file for STMicroelectronics.X-CUBE-AZRTOS-F4.1.0.0
2023-09-21 11:54:28,577 [WARN] PackLoader:240 - Cannot read IP mode file for STMicroelectronics.X-CUBE-NFC7.1.0.1
2023-09-21 11:54:28,582 [WARN] PackLoader:240 - Cannot read IP mode file for STMicroelectronics.X-CUBE-NFC7.1.0.0
2023-09-21 11:54:28,589 [WARN] PackLoader:240 - Cannot read IP mode file for STMicroelectronics.X-CUBE-NFC6.3.0.0
2023-09-21 11:54:28,596 [WARN] PackLoader:240 - Cannot read IP mode file for STMicroelectronics.X-CUBE-EEPRMA1.4.1.0
2023-09-21 11:54:28,601 [WARN] PackLoader:240 - Cannot read IP mode file for STMicroelectronics.X-CUBE-AI.8.1.0
2023-09-21 11:54:28,617 [WARN] PackLoader:240 - Cannot read IP mode file for STMicroelectronics.X-CUBE-AZRTOS-G0.1.0.0
2023-09-21 11:54:28,631 [WARN] ConditionMgr:438 - getConditionDescription Invalid condition id : LAN8742 Phy interface Condition cause : null
2023-09-21 11:54:28,632 [WARN] PackLoader:240 - Cannot read IP mode file for STMicroelectronics.X-CUBE-AZRTOS-L4.2.0.0
2023-09-21 11:54:28,633 [WARN] ConditionMgr:1039 - genDependencies : Invalid condition id : LAN8742 Phy interface Condition cause : null
2023-09-21 11:54:28,633 [WARN] ConditionMgr:1039 - genDependencies : Invalid condition id : LAN8742 Phy interface Condition cause : null
2023-09-21 11:54:28,633 [WARN] ConditionMgr:1039 - genDependencies : Invalid condition id : LAN8742 Phy interface Condition cause : null
2023-09-21 11:54:28,639 [WARN] PackLoader:240 - Cannot read IP mode file for STMicroelectronics.X-CUBE-SFXS2LP1.4.0.0
2023-09-21 11:54:28,655 [WARN] PackLoader:240 - Cannot read IP mode file for STMicroelectronics.X-CUBE-AZRTOS-H7.3.0.0
2023-09-21 11:54:28,660 [WARN] PackLoader:240 - Cannot read IP mode file for STMicroelectronics.X-CUBE-ISPU.1.1.0
2023-09-21 11:54:28,667 [WARN] PackLoader:240 - Cannot read IP mode file for RoweBots.I-CUBE-UNISONRTOS.5.5.0-4
2023-09-21 11:54:28,674 [WARN] ConditionMgr:438 - getConditionDescription Invalid condition id : UX DEVICE CLASS RTOS Condition cause : null
2023-09-21 11:54:28,674 [WARN] ConditionMgr:438 - getConditionDescription Invalid condition id : UX DEVICE CLASS RTOS Condition cause : null
2023-09-21 11:54:28,676 [WARN] PackLoader:240 - Cannot read IP mode file for STMicroelectronics.X-CUBE-AZRTOS-WB.2.0.0
2023-09-21 11:54:28,677 [WARN] ConditionMgr:1039 - genDependencies : Invalid condition id : UX DEVICE CLASS RTOS Condition cause : null
2023-09-21 11:54:28,677 [WARN] ConditionMgr:1039 - genDependencies : Invalid condition id : UX DEVICE CLASS RTOS Condition cause : null
2023-09-21 11:54:28,677 [WARN] ConditionMgr:1039 - genDependencies : Invalid condition id : UX DEVICE CLASS RTOS Condition cause : null
2023-09-21 11:54:28,677 [WARN] ConditionMgr:1039 - genDependencies : Invalid condition id : UX DEVICE CLASS RTOS Condition cause : null
2023-09-21 11:54:28,677 [WARN] ConditionMgr:1039 - genDependencies : Invalid condition id : UX DEVICE CLASS RTOS Condition cause : null
2023-09-21 11:54:28,682 [WARN] PackLoader:240 - Cannot read IP mode file for STMicroelectronics.X-CUBE-BLEMGR.1.0.0
2023-09-21 11:54:28,698 [WARN] PackLoader:240 - Cannot read IP mode file for STMicroelectronics.X-CUBE-AZRTOS-L5.1.1.0
2023-09-21 11:54:28,709 [WARN] PackLoader:240 - Cannot read IP mode file for STMicroelectronics.X-CUBE-SUBG2.5.0.0
2023-09-21 11:54:28,723 [WARN] PackLoader:240 - Cannot read IP mode file for STMicroelectronics.X-CUBE-TOF1.3.3.1
2023-09-21 11:54:28,738 [WARN] PackLoader:240 - Cannot read IP mode file for STMicroelectronics.X-CUBE-AZRTOS-G4.2.0.0
2023-09-21 11:54:28,742 [WARN] PackLoader:240 - Cannot read IP mode file for STMicroelectronics.FP-ATR-ASTRA1.1.1.1
2023-09-21 11:54:28,749 [WARN] PackLoader:240 - Cannot read IP mode file for STMicroelectronics.X-CUBE-AZRTOS-G4.1.0.0
2023-09-21 11:54:28,754 [WARN] PackLoader:240 - Cannot read IP mode file for wolfSSL.I-CUBE-wolfSSL.5.3.0
2023-09-21 11:54:28,764 [WARN] PackLoader:240 - Cannot read IP mode file for STMicroelectronics.X-CUBE-AZRTOS-L4.1.0.0
2023-09-21 11:54:28,769 [WARN] PackLoader:240 - Cannot read IP mode file for STMicroelectronics.X-CUBE-FREERTOS.1.1.0
2023-09-21 11:54:28,782 [WARN] PackLoader:240 - Cannot read IP mode file for STMicroelectronics.X-CUBE-AZRTOS-F7.1.0.0
2023-09-21 11:54:28,795 [WARN] PackLoader:240 - Cannot read IP mode file for STMicroelectronics.X-CUBE-AZRTOS-WL.1.0.0
2023-09-21 11:54:28,801 [WARN] PackLoader:240 - Cannot read IP mode file for portGmbH.I-Cube-SoM-uGOAL.1.1.0
2023-09-21 11:54:28,805 [WARN] PackLoader:240 - Cannot read IP mode file for STMicroelectronics.X-CUBE-ALS.1.0.1
2023-09-21 11:54:28,821 [WARN] PackLoader:240 - Cannot read IP mode file for STMicroelectronics.X-CUBE-AZRTOS-WB.1.1.0
2023-09-21 11:54:28,835 [WARN] PackLoader:240 - Cannot read IP mode file for STMicroelectronics.X-CUBE-AZRTOS-L5.1.0.0
2023-09-21 11:54:28,840 [WARN] PackLoader:240 - Cannot read IP mode file for STMicroelectronics.X-CUBE-EEPRMA1.3.1.1
2023-09-21 11:54:28,846 [WARN] PackLoader:240 - Cannot read IP mode file for STMicroelectronics.X-CUBE-GNSS1.5.2.0
2023-09-21 11:54:28,848 [WARN] PackLoader:240 - Cannot read IP mode file for STMicroelectronics.FP-ATR-ASTRA1.2.0.0
2023-09-21 11:54:28,849 [INFO] ThirdParty:978 - Integrity check success = true
2023-09-21 11:54:28,849 [INFO] IntegrityCheckThread:100 - exiting critical section [integrity check]
2023-09-21 11:54:28,849 [INFO] IntegrityCheckThread:103 - End integrity checks thread
2023-09-21 11:54:53,298 [INFO] Activator:176 - 


2023-09-21 11:54:53,300 [INFO] Activator:177 - !SESSION log4j initialized
2023-09-21 11:54:55,528 [INFO] LogOutputStream:77 - [STDOUT_REDIRECT] 
2023-09-21 11:55:01,099 [INFO] ApplicationProperties:184 - Using Application install path: C:\ST\STM32CubeIDE_1.13.1\STM32CubeIDE\plugins\com.st.stm32cube.common.mx_6.9.1.202307191849
2023-09-21 11:55:01,115 [INFO] DbMcusXml:78 - Set database path to: C:\ST\STM32CubeIDE_1.13.1\STM32CubeIDE\plugins\com.st.stm32cube.common.mx_6.9.1.202307191849\\db\/mcu/
2023-09-21 11:55:01,115 [INFO] ApiDb:274 - Set plugin database path to: C:\ST\STM32CubeIDE_1.13.1\STM32CubeIDE\plugins\com.st.stm32cube.common.mx_6.9.1.202307191849\\db\/plugins/boardmanager/
2023-09-21 11:55:01,116 [WARN] ApiDb:259 - Overriding images path with different value:  => C:\ST\STM32CubeIDE_1.13.1\STM32CubeIDE\plugins\com.st.stm32cube.common.mx_6.9.1.202307191849\\db\/plugins/mcufinder/images/
2023-09-21 11:55:01,124 [INFO] ApiDb:250 - Set database path to: C:\Users\mimib\.stmcufinder\plugins\mcufinder//mcu/
2023-09-21 11:55:01,126 [INFO] DbMcusAds:125 - Set database path to: C:\Users\mimib\.stmcufinder\plugins\mcufinder//mcu/
2023-09-21 11:55:01,129 [INFO] CrossReferenceDbSqlite:203 - Set database path to: C:\Users\mimib\.stmcufinder\plugins\mcufinder//mcu/cs/
2023-09-21 11:55:01,238 [INFO] RulesReader:64 - Compatibility file has been processed (293 Rules)
2023-09-21 11:55:01,309 [INFO] DbMcusXml:78 - Set database path to: C:\ST\STM32CubeIDE_1.13.1\STM32CubeIDE\plugins\com.st.stm32cube.common.mx_6.9.1.202307191849\\db\/mcu/
2023-09-21 11:55:01,309 [INFO] ApiDb:274 - Set plugin database path to: C:\ST\STM32CubeIDE_1.13.1\STM32CubeIDE\plugins\com.st.stm32cube.common.mx_6.9.1.202307191849\\db\/plugins/boardmanager/
2023-09-21 11:55:01,309 [INFO] ApiDb:261 - Set plugin images path to: C:\ST\STM32CubeIDE_1.13.1\STM32CubeIDE\plugins\com.st.stm32cube.common.mx_6.9.1.202307191849\\db\/plugins/mcufinder/images/
2023-09-21 11:55:01,309 [WARN] DbFile:41 - Overriding database path with different value: C:\Users\mimib\.stmcufinder\plugins\mcufinder/ => C:\Users\mimib\.stmcufinder\plugins\mcufinder
2023-09-21 11:55:01,310 [INFO] ApiDb:250 - Set database path to: C:\Users\mimib\.stmcufinder\plugins\mcufinder//mcu/
2023-09-21 11:55:01,310 [WARN] DbFile:41 - Overriding database path with different value: C:\Users\mimib\.stmcufinder\plugins\mcufinder/ => C:\Users\mimib\.stmcufinder\plugins\mcufinder
2023-09-21 11:55:01,310 [INFO] DbMcusAds:125 - Set database path to: C:\Users\mimib\.stmcufinder\plugins\mcufinder//mcu/
2023-09-21 11:55:01,310 [WARN] DbFile:41 - Overriding database path with different value: C:\Users\mimib\.stmcufinder\plugins\mcufinder/ => C:\Users\mimib\.stmcufinder\plugins\mcufinder
2023-09-21 11:55:01,310 [WARN] DbFile:41 - Overriding database path with different value: C:\Users\mimib\.stmcufinder\plugins\mcufinder/ => C:\Users\mimib\.stmcufinder\plugins\mcufinder
2023-09-21 11:55:01,310 [INFO] CrossReferenceDbSqlite:203 - Set database path to: C:\Users\mimib\.stmcufinder\plugins\mcufinder//mcu/cs/
2023-09-21 11:55:01,383 [INFO] MainPanel:262 - HeapMemory: 268435456
2023-09-21 11:55:01,451 [INFO] DbMcusXml:78 - Set database path to: C:\ST\STM32CubeIDE_1.13.1\STM32CubeIDE\plugins\com.st.stm32cube.common.mx_6.9.1.202307191849\\db\/mcu/
2023-09-21 11:55:01,451 [INFO] ApiDb:274 - Set plugin database path to: C:\ST\STM32CubeIDE_1.13.1\STM32CubeIDE\plugins\com.st.stm32cube.common.mx_6.9.1.202307191849\\db\/plugins/boardmanager/
2023-09-21 11:55:01,451 [INFO] ApiDb:261 - Set plugin images path to: C:\ST\STM32CubeIDE_1.13.1\STM32CubeIDE\plugins\com.st.stm32cube.common.mx_6.9.1.202307191849\\db\/plugins/mcufinder/images/
2023-09-21 11:55:01,451 [WARN] DbFile:41 - Overriding database path with different value: C:\Users\mimib\.stmcufinder\plugins\mcufinder/ => C:\Users\mimib\.stmcufinder\plugins\mcufinder
2023-09-21 11:55:01,451 [INFO] ApiDb:250 - Set database path to: C:\Users\mimib\.stmcufinder\plugins\mcufinder//mcu/
2023-09-21 11:55:01,451 [WARN] DbFile:41 - Overriding database path with different value: C:\Users\mimib\.stmcufinder\plugins\mcufinder/ => C:\Users\mimib\.stmcufinder\plugins\mcufinder
2023-09-21 11:55:01,451 [INFO] DbMcusAds:125 - Set database path to: C:\Users\mimib\.stmcufinder\plugins\mcufinder//mcu/
2023-09-21 11:55:01,451 [WARN] DbFile:41 - Overriding database path with different value: C:\Users\mimib\.stmcufinder\plugins\mcufinder/ => C:\Users\mimib\.stmcufinder\plugins\mcufinder
2023-09-21 11:55:01,451 [WARN] DbFile:41 - Overriding database path with different value: C:\Users\mimib\.stmcufinder\plugins\mcufinder/ => C:\Users\mimib\.stmcufinder\plugins\mcufinder
2023-09-21 11:55:01,452 [INFO] CrossReferenceDbSqlite:203 - Set database path to: C:\Users\mimib\.stmcufinder\plugins\mcufinder//mcu/cs/
2023-09-21 11:55:01,466 [INFO] ApplicationProperties:184 - Using Application install path: C:\ST\STM32CubeIDE_1.13.1\STM32CubeIDE\plugins\com.st.stm32cube.common.mx_6.9.1.202307191849
2023-09-21 11:55:01,467 [INFO] PluginManage:196 - Search for loadable plugins [exclusion list=, ]
2023-09-21 11:55:01,468 [INFO] PluginManage:310 - Check plugin analytics
2023-09-21 11:55:01,628 [INFO] AnalyticsPlugin:253 - Accepted Software Licenses: 
2023-09-21 11:55:01,629 [INFO] AnalyticsPlugin:255 - Accepted CMSIS Pack Licenses: 
2023-09-21 11:55:01,629 [INFO] AnalyticsPlugin:257 - Accepted Firmware Licenses: FW.G4.1.5.0,FW.G0.1.6.0
2023-09-21 11:55:01,631 [INFO] PluginManage:359 - Loaded plugin analytics (category:tool,tabindex:-1)
2023-09-21 11:55:01,632 [INFO] PluginManage:310 - Check plugin cadmodel
2023-09-21 11:55:01,637 [INFO] CADModel:105 - Init CAD model plugin
2023-09-21 11:55:01,637 [INFO] PluginManage:359 - Loaded plugin cadmodel (category:power,tabindex:5)
2023-09-21 11:55:01,637 [INFO] PluginManage:310 - Check plugin clock
2023-09-21 11:55:01,647 [INFO] PluginManage:359 - Loaded plugin clock (category:base,tabindex:2)
2023-09-21 11:55:01,647 [INFO] PluginManage:310 - Check plugin ddr
2023-09-21 11:55:01,650 [INFO] PluginManage:359 - Loaded plugin ddr (category:tool,tabindex:6)
2023-09-21 11:55:01,650 [INFO] PluginManage:310 - Check plugin filemanager
2023-09-21 11:55:01,785 [INFO] PluginManage:359 - Loaded plugin filemanager (category:base,tabindex:10)
2023-09-21 11:55:01,785 [INFO] PluginManage:310 - Check plugin ipmanager
2023-09-21 11:55:01,793 [INFO] PluginManage:359 - Loaded plugin ipmanager (category:base,tabindex:5)
2023-09-21 11:55:01,793 [INFO] PluginManage:310 - Check plugin lpbam
2023-09-21 11:55:01,801 [INFO] PluginManage:359 - Loaded plugin lpbam (category:base,tabindex:0)
2023-09-21 11:55:01,801 [INFO] PluginManage:310 - Check plugin memorymap
2023-09-21 11:55:01,813 [INFO] PluginManage:359 - Loaded plugin memorymap (category:base,tabindex:4)
2023-09-21 11:55:01,813 [INFO] PluginManage:310 - Check plugin pinoutandconfiguration
2023-09-21 11:55:01,820 [INFO] PluginManage:359 - Loaded plugin pinoutandconfiguration (category:base,tabindex:1)
2023-09-21 11:55:01,820 [INFO] PluginManage:310 - Check plugin pinoutconfig
2023-09-21 11:55:01,913 [WARN] SupportedApi:132 - Cannot load RTOS API schema: s4s-elt-must-match.1: The content of 'definitions' must match (annotation?, (simpleType | complexType)?, (unique | key | keyref)*)). A problem was found starting at: attribute.
2023-09-21 11:55:02,028 [INFO] PluginManage:359 - Loaded plugin pinoutconfig (category:base,tabindex:0)
2023-09-21 11:55:02,028 [INFO] PluginManage:310 - Check plugin power
2023-09-21 11:55:02,036 [INFO] PluginManage:359 - Loaded plugin power (category:power,tabindex:4)
2023-09-21 11:55:02,036 [INFO] PluginManage:310 - Check plugin projectmanager
2023-09-21 11:55:02,049 [INFO] PluginManage:359 - Loaded plugin projectmanager (category:projectmanager,tabindex:3)
2023-09-21 11:55:02,049 [INFO] PluginManage:310 - Check plugin thirdparty
2023-09-21 11:55:02,156 [INFO] PluginManage:359 - Loaded plugin thirdparty (category:base,tabindex:-1)
2023-09-21 11:55:02,156 [WARN] IntegrityCheckThread:84 - waiting for thirdparty lock release [integrity check]
2023-09-21 11:55:02,156 [INFO] PluginManage:310 - Check plugin tools
2023-09-21 11:55:02,156 [INFO] IntegrityCheckThread:86 - entering critical section [integrity check]
2023-09-21 11:55:02,156 [INFO] ThirdPartyUpdaterWithRetryManager:70 - Updater plugin not ready yet. [1/15]
2023-09-21 11:55:02,159 [INFO] PluginManage:359 - Loaded plugin tools (category:base,tabindex:7)
2023-09-21 11:55:02,159 [INFO] PluginManage:310 - Check plugin tutovideos
2023-09-21 11:55:02,343 [INFO] PluginManage:359 - Loaded plugin tutovideos (category:base,tabindex:-1)
2023-09-21 11:55:02,344 [INFO] PluginManage:310 - Check plugin updater
2023-09-21 11:55:02,353 [INFO] PluginManage:359 - Loaded plugin updater (category:base,tabindex:12)
2023-09-21 11:55:02,353 [INFO] PluginManage:310 - Check plugin userauth
2023-09-21 11:55:02,358 [INFO] UserAuth:113 - Init User Auth plugin
2023-09-21 11:55:02,358 [INFO] PluginManage:359 - Loaded plugin userauth (category:base,tabindex:14)
2023-09-21 11:55:02,359 [INFO] PluginManage:283 - PluginManage : Loaded plugins [17]
2023-09-21 11:55:02,559 [INFO] PinOutPanel:1499 - setPackage(No Configuration,No Configuration)
2023-09-21 11:55:02,657 [INFO] CADModel:165 - CPN selected for project level
2023-09-21 11:55:02,657 [INFO] CADModel:114 - Register for checkConnection events
2023-09-21 11:55:02,672 [INFO] IPUIPlugin:80 - create IPUIPlugin
2023-09-21 11:55:02,672 [INFO] PluginManager:220 - loadIPPluginJar : add adc
2023-09-21 11:55:02,675 [INFO] IPUIPlugin:80 - create IPUIPlugin
2023-09-21 11:55:02,675 [INFO] PluginManager:220 - loadIPPluginJar : add aes
2023-09-21 11:55:02,677 [INFO] IPUIPlugin:80 - create IPUIPlugin
2023-09-21 11:55:02,679 [INFO] PluginManager:220 - loadIPPluginJar : add can
2023-09-21 11:55:02,680 [INFO] IPUIPlugin:80 - create IPUIPlugin
2023-09-21 11:55:02,680 [INFO] PluginManager:220 - loadIPPluginJar : add comp
2023-09-21 11:55:02,682 [INFO] IPUIPlugin:80 - create IPUIPlugin
2023-09-21 11:55:02,682 [INFO] PluginManager:220 - loadIPPluginJar : add cryp
2023-09-21 11:55:02,684 [INFO] IPUIPlugin:80 - create IPUIPlugin
2023-09-21 11:55:02,684 [INFO] PluginManager:220 - loadIPPluginJar : add dfsdm
2023-09-21 11:55:02,689 [INFO] IPUIPlugin:80 - create IPUIPlugin
2023-09-21 11:55:02,690 [INFO] PluginManager:220 - loadIPPluginJar : add dma
2023-09-21 11:55:02,692 [INFO] IPUIPlugin:80 - create IPUIPlugin
2023-09-21 11:55:02,692 [INFO] PluginManager:220 - loadIPPluginJar : add dma3
2023-09-21 11:55:02,693 [INFO] IPUIPlugin:80 - create IPUIPlugin
2023-09-21 11:55:02,694 [INFO] PluginManager:220 - loadIPPluginJar : add fatfs
2023-09-21 11:55:02,698 [INFO] IPUIPlugin:80 - create IPUIPlugin
2023-09-21 11:55:02,698 [INFO] PluginManager:220 - loadIPPluginJar : add fmc
2023-09-21 11:55:02,702 [INFO] IPUIPlugin:80 - create IPUIPlugin
2023-09-21 11:55:02,703 [INFO] PluginManager:220 - loadIPPluginJar : add freertos
2023-09-21 11:55:02,704 [INFO] IPUIPlugin:80 - create IPUIPlugin
2023-09-21 11:55:02,704 [INFO] PluginManager:220 - loadIPPluginJar : add genericplugin
2023-09-21 11:55:02,705 [INFO] IPUIPlugin:80 - create IPUIPlugin
2023-09-21 11:55:02,705 [INFO] PluginManager:220 - loadIPPluginJar : add gfxmmu
2023-09-21 11:55:02,709 [INFO] IPUIPlugin:80 - create IPUIPlugin
2023-09-21 11:55:02,709 [INFO] PluginManager:220 - loadIPPluginJar : add gic
2023-09-21 11:55:02,712 [INFO] IPUIPlugin:80 - create IPUIPlugin
2023-09-21 11:55:02,713 [INFO] PluginManager:220 - loadIPPluginJar : add gpio
2023-09-21 11:55:02,714 [INFO] IPUIPlugin:80 - create IPUIPlugin
2023-09-21 11:55:02,715 [INFO] PluginManager:220 - loadIPPluginJar : add gtzc
2023-09-21 11:55:02,716 [INFO] IPUIPlugin:80 - create IPUIPlugin
2023-09-21 11:55:02,716 [INFO] PluginManager:220 - loadIPPluginJar : add hash
2023-09-21 11:55:02,718 [INFO] IPUIPlugin:80 - create IPUIPlugin
2023-09-21 11:55:02,718 [INFO] PluginManager:220 - loadIPPluginJar : add i2c
2023-09-21 11:55:02,719 [INFO] IPUIPlugin:80 - create IPUIPlugin
2023-09-21 11:55:02,719 [INFO] PluginManager:220 - loadIPPluginJar : add i2s
2023-09-21 11:55:02,721 [INFO] IPUIPlugin:80 - create IPUIPlugin
2023-09-21 11:55:02,721 [INFO] PluginManager:220 - loadIPPluginJar : add i3c
2023-09-21 11:55:02,724 [INFO] IPUIPlugin:80 - create IPUIPlugin
2023-09-21 11:55:02,724 [INFO] PluginManager:220 - loadIPPluginJar : add ipddr
2023-09-21 11:55:02,730 [INFO] IPUIPlugin:80 - create IPUIPlugin
2023-09-21 11:55:02,730 [INFO] PluginManager:220 - loadIPPluginJar : add linkedlist
2023-09-21 11:55:02,732 [INFO] IPUIPlugin:80 - create IPUIPlugin
2023-09-21 11:55:02,732 [INFO] PluginManager:220 - loadIPPluginJar : add lorawan
2023-09-21 11:55:02,733 [INFO] IPUIPlugin:80 - create IPUIPlugin
2023-09-21 11:55:02,734 [INFO] PluginManager:220 - loadIPPluginJar : add ltdc
2023-09-21 11:55:02,738 [INFO] IPUIPlugin:80 - create IPUIPlugin
2023-09-21 11:55:02,738 [INFO] PluginManager:220 - loadIPPluginJar : add mdma
2023-09-21 11:55:02,741 [INFO] IPUIPlugin:80 - create IPUIPlugin
2023-09-21 11:55:02,741 [INFO] PluginManager:220 - loadIPPluginJar : add nvic
2023-09-21 11:55:02,743 [INFO] IPUIPlugin:80 - create IPUIPlugin
2023-09-21 11:55:02,744 [INFO] PluginManager:220 - loadIPPluginJar : add opamp
2023-09-21 11:55:02,746 [INFO] IPUIPlugin:80 - create IPUIPlugin
2023-09-21 11:55:02,746 [INFO] PluginManager:220 - loadIPPluginJar : add openamp
2023-09-21 11:55:02,749 [INFO] IPUIPlugin:80 - create IPUIPlugin
2023-09-21 11:55:02,750 [INFO] PluginManager:220 - loadIPPluginJar : add pdm2pcm
2023-09-21 11:55:02,755 [INFO] IPUIPlugin:80 - create IPUIPlugin
2023-09-21 11:55:02,758 [INFO] PluginManager:220 - loadIPPluginJar : add plateformsettings
2023-09-21 11:55:02,760 [INFO] IPUIPlugin:80 - create IPUIPlugin
2023-09-21 11:55:02,760 [INFO] PluginManager:220 - loadIPPluginJar : add quadspi
2023-09-21 11:55:02,763 [INFO] IPUIPlugin:80 - create IPUIPlugin
2023-09-21 11:55:02,763 [INFO] PluginManager:220 - loadIPPluginJar : add resmgrutility
2023-09-21 11:55:02,765 [INFO] IPUIPlugin:80 - create IPUIPlugin
2023-09-21 11:55:02,765 [INFO] PluginManager:220 - loadIPPluginJar : add sai
2023-09-21 11:55:02,767 [INFO] IPUIPlugin:80 - create IPUIPlugin
2023-09-21 11:55:02,767 [INFO] PluginManager:220 - loadIPPluginJar : add spi
2023-09-21 11:55:02,772 [INFO] IPUIPlugin:80 - create IPUIPlugin
2023-09-21 11:55:02,772 [INFO] PluginManager:220 - loadIPPluginJar : add stm32_wpan
2023-09-21 11:55:02,773 [INFO] IPUIPlugin:80 - create IPUIPlugin
2023-09-21 11:55:02,773 [INFO] PluginManager:220 - loadIPPluginJar : add tim
2023-09-21 11:55:02,775 [INFO] IPUIPlugin:80 - create IPUIPlugin
2023-09-21 11:55:02,776 [INFO] PluginManager:220 - loadIPPluginJar : add touchsensing
2023-09-21 11:55:02,777 [INFO] IPUIPlugin:80 - create IPUIPlugin
2023-09-21 11:55:02,777 [INFO] PluginManager:220 - loadIPPluginJar : add tracer_emb
2023-09-21 11:55:02,778 [INFO] IPUIPlugin:80 - create IPUIPlugin
2023-09-21 11:55:02,778 [INFO] PluginManager:220 - loadIPPluginJar : add ts
2023-09-21 11:55:02,779 [INFO] IPUIPlugin:80 - create IPUIPlugin
2023-09-21 11:55:02,779 [INFO] PluginManager:220 - loadIPPluginJar : add tsc
2023-09-21 11:55:02,781 [INFO] IPUIPlugin:80 - create IPUIPlugin
2023-09-21 11:55:02,781 [INFO] PluginManager:220 - loadIPPluginJar : add ucpd
2023-09-21 11:55:02,783 [INFO] IPUIPlugin:80 - create IPUIPlugin
2023-09-21 11:55:02,783 [INFO] PluginManager:220 - loadIPPluginJar : add usart
2023-09-21 11:55:02,786 [INFO] IPUIPlugin:80 - create IPUIPlugin
2023-09-21 11:55:02,786 [INFO] PluginManager:220 - loadIPPluginJar : add usbx
2023-09-21 11:55:02,910 [INFO] CADModel:165 - CPN selected for project level
2023-09-21 11:55:02,910 [INFO] CADModel:114 - Register for checkConnection events
2023-09-21 11:55:02,910 [FATAL] Updater:308 - Updater called before beeing initialized
2023-09-21 11:55:02,910 [ERROR] CADModel:125 - Updater not yet initialized, retry later 
2023-09-21 11:55:03,053 [INFO] CADModel:165 - CPN selected for project level
2023-09-21 11:55:03,053 [INFO] CADModel:114 - Register for checkConnection events
2023-09-21 11:55:03,053 [FATAL] Updater:308 - Updater called before beeing initialized
2023-09-21 11:55:03,053 [ERROR] CADModel:125 - Updater not yet initialized, retry later 
2023-09-21 11:55:03,057 [FATAL] Updater:308 - Updater called before beeing initialized
2023-09-21 11:55:03,147 [FATAL] Updater:308 - Updater called before beeing initialized
2023-09-21 11:55:03,152 [INFO] DbMcusAds:53 - JSON generation date=Tue Mar 07 09:50:55 CET 2023 (1678179055335)
2023-09-21 11:55:03,153 [FATAL] Updater:308 - Updater called before beeing initialized
2023-09-21 11:55:03,188 [WARN] DetailPanel:346 - Failed to get advertising image, set to default
2023-09-21 11:55:03,290 [FATAL] Updater:308 - Updater called before beeing initialized
2023-09-21 11:55:03,292 [FATAL] Updater:308 - Updater called before beeing initialized
2023-09-21 11:55:03,292 [FATAL] Updater:308 - Updater called before beeing initialized
2023-09-21 11:55:03,292 [WARN] DetailPanel:346 - Failed to get advertising image, set to default
2023-09-21 11:55:03,293 [FATAL] Updater:308 - Updater called before beeing initialized
2023-09-21 11:55:03,329 [ERROR] Updater:1120 - MainUpdater not yet initialized. External WinMGr cannot be set.
2023-09-21 11:55:03,331 [INFO] Updater:1056 - Updater Version found : 6.9.1
2023-09-21 11:55:03,348 [INFO] ApplicationProperties:184 - Using Application install path: C:\ST\STM32CubeIDE_1.13.1\STM32CubeIDE\plugins\com.st.stm32cube.common.mx_6.9.1.202307191849
2023-09-21 11:55:03,457 [INFO] MainUpdater:2868 - connection check result : 10
2023-09-21 11:55:03,457 [INFO] MainUpdater:285 - Updater Check For Update Now.
2023-09-21 11:55:03,457 [INFO] MicroXplorer:498 - Change Database Version : DB.6.0.91
2023-09-21 11:55:03,463 [INFO] McuFinderGlobals:63 - Set McuFinder mode to 2 (CubeIDE integrated)
2023-09-21 11:55:03,629 [INFO] CheckServerUpdateThread:120 - End of CheckServer Thread
2023-09-21 11:55:04,203 [INFO] McuFinderGlobals:63 - Set McuFinder mode to 2 (CubeIDE integrated)
2023-09-21 11:55:05,281 [WARN] PackLoader:240 - Cannot read IP mode file for STMicroelectronics.X-CUBE-SMBUS.2.1.0
2023-09-21 11:55:05,349 [WARN] PackLoader:240 - Cannot read IP mode file for STMicroelectronics.X-CUBE-MEMS1.9.2.0
2023-09-21 11:55:05,486 [WARN] PackLoader:240 - Cannot read IP mode file for STMicroelectronics.X-CUBE-AZRTOS-F7.1.1.0
2023-09-21 11:55:05,495 [WARN] PackLoader:240 - Cannot read IP mode file for STMicroelectronics.X-CUBE-AI.7.1.0
2023-09-21 11:55:05,500 [WARN] PackLoader:240 - Cannot read IP mode file for STMicroelectronics.X-CUBE-TOUCHGFX.4.19.1
2023-09-21 11:55:05,504 [WARN] PackLoader:240 - Cannot read IP mode file for STMicroelectronics.FP-SNS-MOTENV1.4.3.2
2023-09-21 11:55:05,511 [WARN] PackLoader:240 - Cannot read IP mode file for STMicroelectronics.X-CUBE-BLE1.6.2.3
2023-09-21 11:55:05,516 [WARN] PackLoader:240 - Cannot read IP mode file for STMicroelectronics.X-CUBE-BLE1.6.2.4
2023-09-21 11:55:05,521 [WARN] PackLoader:240 - Cannot read IP mode file for STMicroelectronics.FP-SNS-FLIGHT1.5.0.2
2023-09-21 11:55:05,525 [WARN] PackLoader:240 - Cannot read IP mode file for STMicroelectronics.X-CUBE-BLE2.3.2.2
2023-09-21 11:55:05,534 [WARN] PackLoader:240 - Cannot read IP mode file for STMicroelectronics.X-CUBE-TOF1.3.1.0
2023-09-21 11:55:05,546 [WARN] PackLoader:240 - Cannot read IP mode file for STMicroelectronics.X-CUBE-DISPLAY.3.0.0
2023-09-21 11:55:05,554 [WARN] PackLoader:240 - Cannot read IP mode file for STMicroelectronics.X-CUBE-BLE1.7.0.0
2023-09-21 11:55:05,558 [WARN] PackLoader:240 - Cannot read IP mode file for STMicroelectronics.X-CUBE-TOUCHGFX.4.22.0
2023-09-21 11:55:05,566 [INFO] MainUpdater:2868 - connection check result : 10
2023-09-21 11:55:05,566 [INFO] MainUpdater:2868 - connection check result : 10
2023-09-21 11:55:05,597 [INFO] MicroXplorer:468 - Change Database Path : 
2023-09-21 11:55:05,597 [INFO] MicroXplorer:498 - Change Database Version : DB.6.0.91
2023-09-21 11:55:05,601 [WARN] PackLoader:240 - Cannot read IP mode file for STMicroelectronics.X-CUBE-MEMS1.9.3.0
2023-09-21 11:55:05,602 [WARN] ThirdParty:871 - waiting for thirdparty lock release [close project]
2023-09-21 11:55:05,723 [WARN] PackLoader:240 - Cannot read IP mode file for STMicroelectronics.X-CUBE-AI.7.2.0
2023-09-21 11:55:05,728 [WARN] PackLoader:240 - Cannot read IP mode file for STMicroelectronics.FP-SNS-SMARTAG2.1.2.0
2023-09-21 11:55:05,735 [INFO] LogOutputStream:77 - [STDOUT_REDIRECT] 1 : Invalid condition id : UX_CORESTACK_Condition cause : null
2023-09-21 11:55:05,735 [INFO] LogOutputStream:77 - [STDOUT_REDIRECT] 1 : Invalid condition id : UX_CORESTACK_Condition cause : null
2023-09-21 11:55:05,736 [INFO] LogOutputStream:77 - [STDOUT_REDIRECT] 1 : Invalid condition id : UX_CORESTACK_Condition cause : null
2023-09-21 11:55:05,737 [INFO] LogOutputStream:77 - [STDOUT_REDIRECT] 1 : Invalid condition id : UX_CORESTACK_Condition cause : null
2023-09-21 11:55:05,738 [INFO] LogOutputStream:77 - [STDOUT_REDIRECT] 1 : Invalid condition id : UX_CORESTACK_Condition cause : null
2023-09-21 11:55:05,740 [WARN] PackLoader:240 - Cannot read IP mode file for STMicroelectronics.X-CUBE-AZRTOS-WL.2.0.0
2023-09-21 11:55:05,748 [WARN] PackLoader:240 - Cannot read IP mode file for WES.I-CUBE-Cesium.1.3.0
2023-09-21 11:55:05,752 [WARN] PackLoader:240 - Cannot read IP mode file for STMicroelectronics.X-CUBE-BLE2.3.3.0
2023-09-21 11:55:05,755 [WARN] PackLoader:240 - Cannot read IP mode file for STMicroelectronics.X-CUBE-DISPLAY.2.2.0
2023-09-21 11:55:05,768 [WARN] PackLoader:240 - Cannot read IP mode file for STMicroelectronics.X-CUBE-TOF1.3.2.0
2023-09-21 11:55:05,778 [WARN] PackLoader:240 - Cannot read IP mode file for STMicroelectronics.X-CUBE-ISPU.1.0.0
2023-09-21 11:55:05,789 [WARN] PackLoader:240 - Cannot read IP mode file for STMicroelectronics.X-CUBE-AZRTOS-H7.2.1.0
2023-09-21 11:55:05,797 [WARN] PackLoader:240 - Cannot read IP mode file for STMicroelectronics.X-CUBE-TOUCHGFX.4.21.1
2023-09-21 11:55:05,831 [WARN] PackLoader:240 - Cannot read IP mode file for STMicroelectronics.X-CUBE-MEMS1.9.4.0
2023-09-21 11:55:05,907 [WARN] PackLoader:240 - Cannot read IP mode file for STMicroelectronics.X-CUBE-AI.7.3.0
2023-09-21 11:55:05,913 [WARN] PackLoader:240 - Cannot read IP mode file for STMicroelectronics.X-CUBE-ALGOBUILD.1.3.0
2023-09-21 11:55:05,923 [WARN] PackLoader:240 - Cannot read IP mode file for STMicroelectronics.X-CUBE-AZRTOS-G0.1.1.0
2023-09-21 11:55:05,928 [WARN] PackLoader:240 - Cannot read IP mode file for STMicroelectronics.X-CUBE-NFC4.3.0.0
2023-09-21 11:55:05,962 [WARN] PackLoader:240 - Cannot read IP mode file for SEGGER.I-CUBE-embOS.1.2.0
2023-09-21 11:55:06,008 [WARN] PackLoader:240 - Cannot read IP mode file for STMicroelectronics.X-CUBE-BLEMGR.1.3.0
2023-09-21 11:55:06,027 [WARN] PackLoader:240 - Cannot read IP mode file for STMicroelectronics.FP-ATR-SIGFOX1.3.2.0
2023-09-21 11:55:06,033 [WARN] PackLoader:240 - Cannot read IP mode file for emotas.I-CUBE-CANOPEN.1.1.2
2023-09-21 11:55:06,036 [WARN] PackLoader:240 - Cannot read IP mode file for STMicroelectronics.X-CUBE-TOUCHGFX.4.20.0
2023-09-21 11:55:06,079 [WARN] PackLoader:240 - Cannot read IP mode file for SEGGER.I-CUBE-embOS.1.3.1
2023-09-21 11:55:06,105 [WARN] PackLoader:240 - Cannot read IP mode file for STMicroelectronics.X-CUBE-TOF1.3.0.0
2023-09-21 11:55:06,110 [WARN] PackLoader:240 - Cannot read IP mode file for STMicroelectronics.X-CUBE-GNSS1.6.0.0
2023-09-21 11:55:06,121 [WARN] PackLoader:240 - Cannot read IP mode file for STMicroelectronics.X-CUBE-AZRTOS-F4.1.1.0
2023-09-21 11:55:06,127 [WARN] PackLoader:240 - Cannot read IP mode file for STMicroelectronics.X-CUBE-BLEMGR.1.2.0
2023-09-21 11:55:06,145 [WARN] PackLoader:240 - Cannot read IP mode file for STMicroelectronics.X-CUBE-AZRTOS-L5.2.0.0
2023-09-21 11:55:06,192 [WARN] PackLoader:240 - Cannot read IP mode file for STMicroelectronics.X-CUBE-MEMS1.9.6.0
2023-09-21 11:55:06,298 [WARN] PackLoader:240 - Cannot read IP mode file for STMicroelectronics.X-CUBE-BLEMGR.2.0.0
2023-09-21 11:55:06,304 [WARN] PackLoader:240 - Cannot read IP mode file for STMicroelectronics.X-CUBE-NFC4.2.0.4
2023-09-21 11:55:06,316 [WARN] ConditionMgr:438 - getConditionDescription Invalid condition id : UX DEVICE CLASS RTOS Condition cause : null
2023-09-21 11:55:06,317 [WARN] ConditionMgr:438 - getConditionDescription Invalid condition id : UX DEVICE CLASS RTOS Condition cause : null
2023-09-21 11:55:06,319 [WARN] PackLoader:240 - Cannot read IP mode file for STMicroelectronics.X-CUBE-AZRTOS-H7.3.1.0
2023-09-21 11:55:06,320 [WARN] ConditionMgr:1039 - genDependencies : Invalid condition id : UX DEVICE CLASS RTOS Condition cause : null
2023-09-21 11:55:06,320 [WARN] ConditionMgr:1039 - genDependencies : Invalid condition id : UX DEVICE CLASS RTOS Condition cause : null
2023-09-21 11:55:06,321 [WARN] ConditionMgr:1039 - genDependencies : Invalid condition id : UX DEVICE CLASS RTOS Condition cause : null
2023-09-21 11:55:06,321 [WARN] ConditionMgr:1039 - genDependencies : Invalid condition id : UX DEVICE CLASS RTOS Condition cause : null
2023-09-21 11:55:06,321 [WARN] ConditionMgr:1039 - genDependencies : Invalid condition id : UX DEVICE CLASS RTOS Condition cause : null
2023-09-21 11:55:06,326 [WARN] PackLoader:240 - Cannot read IP mode file for STMicroelectronics.X-CUBE-SFXS2LP1.3.1.0
2023-09-21 11:55:06,336 [WARN] PackLoader:240 - Cannot read IP mode file for STMicroelectronics.X-CUBE-AZRTOS-F4.1.0.0
2023-09-21 11:55:06,341 [WARN] PackLoader:240 - Cannot read IP mode file for STMicroelectronics.X-CUBE-NFC7.1.0.1
2023-09-21 11:55:06,344 [WARN] PackLoader:240 - Cannot read IP mode file for STMicroelectronics.X-CUBE-NFC7.1.0.0
2023-09-21 11:55:06,351 [WARN] PackLoader:240 - Cannot read IP mode file for STMicroelectronics.X-CUBE-NFC6.3.0.0
2023-09-21 11:55:06,358 [WARN] PackLoader:240 - Cannot read IP mode file for STMicroelectronics.X-CUBE-EEPRMA1.4.1.0
2023-09-21 11:55:06,362 [WARN] PackLoader:240 - Cannot read IP mode file for STMicroelectronics.X-CUBE-AI.8.1.0
2023-09-21 11:55:06,386 [WARN] PackLoader:240 - Cannot read IP mode file for STMicroelectronics.X-CUBE-AZRTOS-G0.1.0.0
2023-09-21 11:55:06,402 [WARN] ConditionMgr:438 - getConditionDescription Invalid condition id : LAN8742 Phy interface Condition cause : null
2023-09-21 11:55:06,402 [WARN] PackLoader:240 - Cannot read IP mode file for STMicroelectronics.X-CUBE-AZRTOS-L4.2.0.0
2023-09-21 11:55:06,403 [WARN] ConditionMgr:1039 - genDependencies : Invalid condition id : LAN8742 Phy interface Condition cause : null
2023-09-21 11:55:06,404 [WARN] ConditionMgr:1039 - genDependencies : Invalid condition id : LAN8742 Phy interface Condition cause : null
2023-09-21 11:55:06,404 [WARN] ConditionMgr:1039 - genDependencies : Invalid condition id : LAN8742 Phy interface Condition cause : null
2023-09-21 11:55:06,409 [WARN] PackLoader:240 - Cannot read IP mode file for STMicroelectronics.X-CUBE-SFXS2LP1.4.0.0
2023-09-21 11:55:06,423 [WARN] PackLoader:240 - Cannot read IP mode file for STMicroelectronics.X-CUBE-AZRTOS-H7.3.0.0
2023-09-21 11:55:06,430 [WARN] PackLoader:240 - Cannot read IP mode file for STMicroelectronics.X-CUBE-ISPU.1.1.0
2023-09-21 11:55:06,436 [WARN] PackLoader:240 - Cannot read IP mode file for RoweBots.I-CUBE-UNISONRTOS.5.5.0-4
2023-09-21 11:55:06,450 [WARN] ConditionMgr:438 - getConditionDescription Invalid condition id : UX DEVICE CLASS RTOS Condition cause : null
2023-09-21 11:55:06,450 [WARN] ConditionMgr:438 - getConditionDescription Invalid condition id : UX DEVICE CLASS RTOS Condition cause : null
2023-09-21 11:55:06,453 [WARN] PackLoader:240 - Cannot read IP mode file for STMicroelectronics.X-CUBE-AZRTOS-WB.2.0.0
2023-09-21 11:55:06,454 [WARN] ConditionMgr:1039 - genDependencies : Invalid condition id : UX DEVICE CLASS RTOS Condition cause : null
2023-09-21 11:55:06,454 [WARN] ConditionMgr:1039 - genDependencies : Invalid condition id : UX DEVICE CLASS RTOS Condition cause : null
2023-09-21 11:55:06,454 [WARN] ConditionMgr:1039 - genDependencies : Invalid condition id : UX DEVICE CLASS RTOS Condition cause : null
2023-09-21 11:55:06,454 [WARN] ConditionMgr:1039 - genDependencies : Invalid condition id : UX DEVICE CLASS RTOS Condition cause : null
2023-09-21 11:55:06,455 [WARN] ConditionMgr:1039 - genDependencies : Invalid condition id : UX DEVICE CLASS RTOS Condition cause : null
2023-09-21 11:55:06,461 [WARN] PackLoader:240 - Cannot read IP mode file for STMicroelectronics.X-CUBE-BLEMGR.1.0.0
2023-09-21 11:55:06,473 [WARN] PackLoader:240 - Cannot read IP mode file for STMicroelectronics.X-CUBE-AZRTOS-L5.1.1.0
2023-09-21 11:55:06,485 [WARN] PackLoader:240 - Cannot read IP mode file for STMicroelectronics.X-CUBE-SUBG2.5.0.0
2023-09-21 11:55:06,502 [WARN] PackLoader:240 - Cannot read IP mode file for STMicroelectronics.X-CUBE-TOF1.3.3.1
2023-09-21 11:55:06,529 [WARN] PackLoader:240 - Cannot read IP mode file for STMicroelectronics.X-CUBE-AZRTOS-G4.2.0.0
2023-09-21 11:55:06,535 [WARN] PackLoader:240 - Cannot read IP mode file for STMicroelectronics.FP-ATR-ASTRA1.1.1.1
2023-09-21 11:55:06,548 [WARN] PackLoader:240 - Cannot read IP mode file for STMicroelectronics.X-CUBE-AZRTOS-G4.1.0.0
2023-09-21 11:55:06,553 [WARN] PackLoader:240 - Cannot read IP mode file for wolfSSL.I-CUBE-wolfSSL.5.3.0
2023-09-21 11:55:06,570 [WARN] PackLoader:240 - Cannot read IP mode file for STMicroelectronics.X-CUBE-AZRTOS-L4.1.0.0
2023-09-21 11:55:06,578 [WARN] PackLoader:240 - Cannot read IP mode file for STMicroelectronics.X-CUBE-FREERTOS.1.1.0
2023-09-21 11:55:06,588 [WARN] PackLoader:240 - Cannot read IP mode file for STMicroelectronics.X-CUBE-AZRTOS-F7.1.0.0
2023-09-21 11:55:06,599 [WARN] PackLoader:240 - Cannot read IP mode file for STMicroelectronics.X-CUBE-AZRTOS-WL.1.0.0
2023-09-21 11:55:06,605 [WARN] PackLoader:240 - Cannot read IP mode file for portGmbH.I-Cube-SoM-uGOAL.1.1.0
2023-09-21 11:55:06,609 [WARN] PackLoader:240 - Cannot read IP mode file for STMicroelectronics.X-CUBE-ALS.1.0.1
2023-09-21 11:55:06,623 [WARN] PackLoader:240 - Cannot read IP mode file for STMicroelectronics.X-CUBE-AZRTOS-WB.1.1.0
2023-09-21 11:55:06,642 [WARN] PackLoader:240 - Cannot read IP mode file for STMicroelectronics.X-CUBE-AZRTOS-L5.1.0.0
2023-09-21 11:55:06,649 [WARN] PackLoader:240 - Cannot read IP mode file for STMicroelectronics.X-CUBE-EEPRMA1.3.1.1
2023-09-21 11:55:06,654 [WARN] PackLoader:240 - Cannot read IP mode file for STMicroelectronics.X-CUBE-GNSS1.5.2.0
2023-09-21 11:55:06,658 [WARN] PackLoader:240 - Cannot read IP mode file for STMicroelectronics.FP-ATR-ASTRA1.2.0.0
2023-09-21 11:55:06,658 [INFO] ThirdParty:978 - Integrity check success = true
2023-09-21 11:55:06,659 [INFO] IntegrityCheckThread:100 - exiting critical section [integrity check]
2023-09-21 11:55:06,659 [INFO] IntegrityCheckThread:103 - End integrity checks thread
2023-09-21 11:55:06,659 [INFO] ThirdParty:873 - entering critical section [close project]
2023-09-21 11:55:06,659 [INFO] ThirdParty:883 - exiting critical section [close project]
2023-09-21 11:55:06,661 [INFO] PinOutPanel:1499 - setPackage(No Configuration,No Configuration)
2023-09-21 11:55:06,666 [INFO] UtilMem:75 - Begin LoadConfig() Used Memory: 240890824 Bytes (549453824)
2023-09-21 11:55:06,668 [INFO] MicroXplorer:468 - Change Database Path : 
2023-09-21 11:55:06,668 [INFO] MicroXplorer:498 - Change Database Version : DB.6.0.91
2023-09-21 11:55:06,668 [INFO] OpenFileManager:308 - Change cursor
2023-09-21 11:55:06,688 [INFO] Mcu:1946 - Initializing MCU STM32G070RBTx STM32G070RBTx STM32G070RBT6
2023-09-21 11:55:07,784 [INFO] Context:659 - Trying to add GPIOservice into a context  which must be forbidden
2023-09-21 11:55:08,422 [INFO] RtosManager:555 - Registered RTOS mode: class=CMSIS, group=RTOS, mode=CMSIS_V1, owner=FREERTOS
2023-09-21 11:55:08,422 [INFO] RtosManager:555 - Registered RTOS mode: class=CMSIS, group=RTOS2, mode=CMSIS_V2, owner=FREERTOS
2023-09-21 11:55:08,422 [INFO] RtosManager:555 - Registered RTOS mode: class=RTOS, group=Core, mode=CMSIS_V1, owner=FREERTOS
2023-09-21 11:55:08,422 [INFO] RtosManager:555 - Registered RTOS mode: class=RTOS, group=Core, mode=CMSIS_V2, owner=FREERTOS
2023-09-21 11:55:08,422 [WARN] ModelIntegratedComponent:184 - Missing modes for component STMicroelectronics:FreeRTOS:0.0.1:STMicroelectronics:RTOS:FreeRTOS:Core:::10.2.0:
2023-09-21 11:55:08,429 [WARN] ModelIntegratedComponent:63 - No mode defined for component null
2023-09-21 11:55:08,429 [WARN] ModelIntegratedComponent:63 - No mode defined for component null
2023-09-21 11:55:08,429 [WARN] ModelIntegratedComponent:63 - No mode defined for component null
2023-09-21 11:55:08,429 [WARN] ModelIntegratedComponent:63 - No mode defined for component null
2023-09-21 11:55:08,429 [WARN] ModelIntegratedComponent:63 - No mode defined for component null
2023-09-21 11:55:08,429 [WARN] ModelIntegratedComponent:63 - No mode defined for component null
2023-09-21 11:55:08,429 [WARN] ModelIntegratedComponent:63 - No mode defined for component null
2023-09-21 11:55:08,429 [WARN] ModelIntegratedComponent:63 - No mode defined for component null
2023-09-21 11:55:08,429 [WARN] ModelIntegratedComponent:63 - No mode defined for component null
2023-09-21 11:55:08,429 [WARN] ModelIntegratedComponent:63 - No mode defined for component null
2023-09-21 11:55:08,429 [WARN] ModelIntegratedComponent:63 - No mode defined for component null
2023-09-21 11:55:08,429 [WARN] ModelIntegratedComponent:63 - No mode defined for component null
2023-09-21 11:55:08,429 [WARN] ModelIntegratedComponent:63 - No mode defined for component null
2023-09-21 11:55:08,429 [WARN] ModelIntegratedComponent:63 - No mode defined for component null
2023-09-21 11:55:08,429 [WARN] ModelIntegratedComponent:63 - No mode defined for component null
2023-09-21 11:55:08,429 [WARN] ModelIntegratedComponent:63 - No mode defined for component null
2023-09-21 11:55:08,429 [WARN] ModelIntegratedComponent:63 - No mode defined for component null
2023-09-21 11:55:08,429 [WARN] ModelIntegratedComponent:63 - No mode defined for component null
2023-09-21 11:55:08,429 [WARN] ModelIntegratedComponent:63 - No mode defined for component null
2023-09-21 11:55:08,429 [WARN] ModelIntegratedComponent:63 - No mode defined for component null
2023-09-21 11:55:08,429 [WARN] ModelIntegratedComponent:63 - No mode defined for component null
2023-09-21 11:55:08,429 [WARN] ModelIntegratedComponent:63 - No mode defined for component null
2023-09-21 11:55:08,430 [WARN] ModelIntegratedComponent:63 - No mode defined for component null
2023-09-21 11:55:08,430 [WARN] ModelIntegratedComponent:63 - No mode defined for component null
2023-09-21 11:55:08,430 [WARN] ModelIntegratedComponent:63 - No mode defined for component null
2023-09-21 11:55:08,430 [WARN] ModelIntegratedComponent:63 - No mode defined for component null
2023-09-21 11:55:08,430 [WARN] ModelIntegratedComponent:63 - No mode defined for component null
2023-09-21 11:55:08,430 [WARN] ModelIntegratedComponent:63 - No mode defined for component null
2023-09-21 11:55:08,430 [WARN] ModelIntegratedComponent:63 - No mode defined for component null
2023-09-21 11:55:08,430 [WARN] ModelIntegratedComponent:63 - No mode defined for component null
2023-09-21 11:55:08,430 [WARN] ModelIntegratedComponent:63 - No mode defined for component null
2023-09-21 11:55:08,430 [WARN] ModelIntegratedComponent:63 - No mode defined for component null
2023-09-21 11:55:08,430 [WARN] ModelIntegratedComponent:63 - No mode defined for component null
2023-09-21 11:55:08,596 [INFO] ThirdPartyModel:298 - Start build external matchings
2023-09-21 11:55:09,948 [INFO] ThirdPartyModel:316 - End build external matchings
2023-09-21 11:55:09,991 [INFO] ImportTextPane:194 - (OptionalMessage_ERROR) IP (RCC) : Invalid parameter (FamilyName)
2023-09-21 11:55:10,048 [WARN] IP:2114 - FIFOMode not found: check if there is a RefParameter without a condition.
2023-09-21 11:55:10,048 [WARN] IP:2114 - TXFIFOThreshold not found: check if there is a RefParameter without a condition.
2023-09-21 11:55:10,048 [WARN] IP:2114 - RXFIFOThreshold not found: check if there is a RefParameter without a condition.
2023-09-21 11:55:10,048 [WARN] IP:2114 - AutoBaudRateEnableParam not found: check if there is a RefParameter without a condition.
2023-09-21 11:55:10,259 [INFO] UtilMem:75 - End LoadConfig() Used Memory: 335529072 Bytes (549453824)
2023-09-21 11:55:10,378 [INFO] ApiDb:581 - Connected to CubeFinder SQLite database (C:\Users\mimib\.stmcufinder\plugins\mcufinder\mcu\cube-finder-db.db)
2023-09-21 11:55:10,433 [INFO] ApiDb:668 - CubeFinder database Data Model version=2.1
2023-09-21 11:55:10,433 [INFO] ApiDb:669 - CubeFinder database Configuration version=3.0.37
2023-09-21 11:55:10,433 [INFO] ApiDb:670 - CubeFinder database generation date=2023-08-31 (1693470701)
2023-09-21 11:55:10,433 [INFO] ApiDb:671 - CubeFinder database FW Pack versions=[FP-ATR-ASTRA1_V2.0.0, FP-SNS-FLIGHT1_V5.0.1, FP-SNS-FLIGHT1_V5.0.2, FP-SNS-MOTENV1_V4.3.1, FP-SNS-MOTENV1_V4.3.2, STM32Cube_FW_C0_V1.1.0, STM32Cube_FW_F4_V1.27.1, STM32Cube_FW_F7_V1.17.0, STM32Cube_FW_G0_V1.6.1, STM32Cube_FW_G4_V1.5.1, STM32Cube_FW_H5_V0.5.1, STM32Cube_FW_H5_V1.1.1, STM32Cube_FW_H7_V1.11.0, STM32Cube_FW_L0_V1.12.2, STM32Cube_FW_L5_V1.5.0, STM32Cube_FW_U5_V1.3.0, STM32Cube_FW_U5_V1.3.0RC4, STM32Cube_FW_WBA_V1.0.0RC1, STM32Cube_FW_WBA_V1.1.0, STM32Cube_FW_WBA_V1.1.0RC1, STM32Cube_FW_WB_V1.15.0RC1, STM32Cube_FW_WB_V1.16.0, STM32Cube_FW_WB_V1.16.0RC2, STM32Cube_FW_WB_V1.17.0, STM32Cube_FW_WB_V1.17.2, STM32Cube_FW_WL_V1.3.0, X-CUBE-ALGOBUILD_V1.3.0, X-CUBE-ALS_V1.0.1, X-CUBE-AZRTOS-F4_V1.1.0, X-CUBE-AZRTOS-F7_V1.1.0, X-CUBE-AZRTOS-G0_V1.1.0, X-CUBE-AZRTOS-G4_V2.0.0, X-CUBE-AZRTOS-H7_V3.1.0, X-CUBE-AZRTOS-L4_V1.0.0, X-CUBE-AZRTOS-L4_V2.0.0, X-CUBE-AZRTOS-L5_V1.1.0, X-CUBE-AZRTOS-WB_V2.0.0, X-CUBE-AZRTOS-WL_V2.0.0, X-CUBE-BLE1_V7.0.0, X-CUBE-BLE2_V3.3.0, X-CUBE-BLEMGR_V2.0.0, X-CUBE-EEPRMA1_V4.1.0, X-CUBE-FREERTOS_V1.1.0, X-CUBE-GNSS1_V6.0.0, X-CUBE-MEMS1_V9.1.0, X-CUBE-MEMS1_V9.4.0, X-CUBE-MEMS1_V9.6.0, X-CUBE-NFC4_V3.0.0, X-CUBE-NFC7_V1.0.0, X-CUBE-SFXS2LP1_V4.0.0, X-CUBE-SUBG2_V5.0.0, X-CUBE-TOF1_V3.3.1]
2023-09-21 11:55:12,086 [INFO] ApiDb:240 - Found 323 in-development CPN: [B-G473E-ZEST1S, B-WB1M-WPAN1, B-WL5M-SUBG1, NUCLEO-C031C6, NUCLEO-H503RB, NUCLEO-H563ZI, NUCLEO-U545RE-Q, NUCLEO-U5A5ZJ-Q, NUCLEO-WBA52CG, STEVAL-PROTEUS1, STEVAL-SMARTAG2, STEVAL-STWINBX1, STM320518-EVAL, STM32C0116-DK, STM32C011D6Y3TR, STM32C011D6Y6TR, STM32C011F4P3, STM32C011F4P6, STM32C011F4U3, STM32C011F4U6TR, STM32C011F6P3, STM32C011F6P6, STM32C011F6U3, STM32C011F6U6TR, STM32C011J4M3, STM32C011J4M6, STM32C011J6M3, STM32C011J6M6, STM32C0316-DK, STM32C031C4T3, STM32C031C4T6, STM32C031C4U3, STM32C031C4U6, STM32C031C6T3, STM32C031C6T6, STM32C031C6U3, STM32C031C6U6, STM32C031F4P3, STM32C031F4P6, STM32C031F6P3, STM32C031F6P6, STM32C031G4U3, STM32C031G4U6, STM32C031G6U3, STM32C031G6U6, STM32C031K4T3, STM32C031K4T6, STM32C031K4U3, STM32C031K4U6, STM32C031K6T3, STM32C031K6T6, STM32C031K6U3, STM32C031K6U6, STM32G071K8TXN, STM32G071K8UXN, STM32G081GBU6N, STM32G081KBT6N, STM32G081KBUXN, STM32G0B1CCT6N, STM32G0B1KCT6, STM32G0B1NEY6TR, STM32G0B1RCT6N, STM32G0C1CCT6, STM32G0C1CCT6N, STM32G0C1CCU6N, STM32G0C1CET6N, STM32G0C1CEU6N, STM32G0C1KCT6, STM32G0C1NEY6TR, STM32G0C1RCI6N, STM32G0C1RCT6N, STM32G0C1REI6N, STM32G0C1RET6N, STM32G0C1VCI6, STM32G0C1VEI6, STM32G471CCT6, STM32G471CCU6, STM32G471CET3, STM32G471CET6, STM32G471CEU3, STM32G471CEU6, STM32G471MCT6, STM32G471MET3, STM32G471MET6, STM32G471MEY6TR, STM32G471QCT6, STM32G471QET3, STM32G471RCT6, STM32G471RET3, STM32G471RET6, STM32G471VCH6, STM32G471VCI6, STM32G471VCT6, STM32G471VEH3, STM32G471VEH6, STM32G471VEI3, STM32G471VEI6, STM32G471VET3, STM32G471VET6, STM32G474CCT6, STM32H503CBT6, STM32H503CBU6, STM32H503EBY6TR, STM32H503KBU6, STM32H503RBT6, STM32H562AGI6, STM32H562AII6, STM32H562IGK6, STM32H562IGT6, STM32H562IIK6, STM32H562IIT6, STM32H562RGT6, STM32H562RGV6, STM32H562RIT6, STM32H562RIV6, STM32H562VGT6, STM32H562VIT6, STM32H562ZGT6, STM32H562ZIT6, STM32H563AGI6, STM32H563AII3Q, STM32H563AII6, STM32H563IGK6, STM32H563IGT6, STM32H563IIK3Q, STM32H563IIK6, STM32H563IIT3Q, STM32H563IIT6, STM32H563MIY3QTR, STM32H563RGT6, STM32H563RGV6, STM32H563RIT6, STM32H563RIV6, STM32H563VGT6, STM32H563VIT3Q, STM32H563VIT6, STM32H563ZGT6, STM32H563ZIT3Q, STM32H563ZIT6, STM32H573AII3Q, STM32H573AII6, STM32H573I-DK, STM32H573IIK3Q, STM32H573IIK6, STM32H573IIT3Q, STM32H573IIT6, STM32H573MIY3QTR, STM32H573RIT6, STM32H573RIV6, STM32H573VIT3Q, STM32H573VIT6, STM32H573ZIT3Q, STM32H573ZIT6, STM32L4R5QGI6STR, STM32MP131AAE3, STM32MP131AAF3, STM32MP131AAG3, STM32MP131CAE3, STM32MP131CAF3, STM32MP131CAG3, STM32MP131DAE7, STM32MP131DAF7, STM32MP131DAG7, STM32MP131FAE7, STM32MP131FAF7, STM32MP131FAG7, STM32MP133AAE3, STM32MP133AAF3, STM32MP133AAG3, STM32MP133CAE3, STM32MP133CAF3, STM32MP133CAG3, STM32MP133DAE7, STM32MP133DAF7, STM32MP133DAG7, STM32MP133FAE7, STM32MP133FAF7, STM32MP133FAG7, STM32MP135AAE3, STM32MP135AAF3, STM32MP135AAG3, STM32MP135CAE3, STM32MP135CAF3, STM32MP135CAG3, STM32MP135DAE7, STM32MP135DAF7, STM32MP135DAG7, STM32MP135F-DK, STM32MP135FAE7, STM32MP135FAF7, STM32MP135FAF7T, STM32MP135FAF7U, STM32MP135FAG7, STM32U535CBT6, STM32U535CBT6Q, STM32U535CBU6, STM32U535CBU6Q, STM32U535CCT6, STM32U535CCT6Q, STM32U535CCU6, STM32U535CCU6Q, STM32U535CET6, STM32U535CET6Q, STM32U535CEU6, STM32U535CEU6Q, STM32U535JEY6QTR, STM32U535NCY6QTR, STM32U535NEY6QTR, STM32U535RBI6, STM32U535RBI6Q, STM32U535RBT6, STM32U535RBT6Q, STM32U535RCI6, STM32U535RCI6Q, STM32U535RCT6, STM32U535RCT6Q, STM32U535REI6, STM32U535REI6Q, STM32U535RET6, STM32U535RET6Q, STM32U535VCI6, STM32U535VCI6Q, STM32U535VCT6, STM32U535VCT6Q, STM32U535VEI6, STM32U535VEI6Q, STM32U535VET6, STM32U535VET6Q, STM32U545CET6, STM32U545CET6Q, STM32U545CEU6, STM32U545CEU6Q, STM32U545JEY6QTR, STM32U545NEY6QTR, STM32U545REI6, STM32U545REI6Q, STM32U545RET6, STM32U545RET6Q, STM32U545VEI6, STM32U545VEI6Q, STM32U545VET6, STM32U545VET6Q, STM32U595AIH6, STM32U595AIH6Q, STM32U595AJH6, STM32U595AJH6Q, STM32U595QII6, STM32U595QII6Q, STM32U595QJI6, STM32U595QJI6Q, STM32U595RIT6, STM32U595RIT6Q, STM32U595RJT6, STM32U595RJT6Q, STM32U595VIT6, STM32U595VIT6Q, STM32U595VJT6, STM32U595VJT6Q, STM32U595ZIT6, STM32U595ZIT6Q, STM32U595ZIY6QTR, STM32U595ZJT6, STM32U595ZJT6Q, STM32U595ZJY6QTR, STM32U599BJY6QTR, STM32U599NIH6Q, STM32U599NJH6Q, STM32U599VIT6Q, STM32U599VJT6, STM32U599VJT6Q, STM32U599ZIT6Q, STM32U599ZIY6QTR, STM32U599ZJT6Q, STM32U599ZJY6QTR, STM32U5A5AJH6, STM32U5A5AJH6Q, STM32U5A5QJI6, STM32U5A5QJI6Q, STM32U5A5RJT6, STM32U5A5RJT6Q, STM32U5A5VJT6, STM32U5A5VJT6Q, STM32U5A5ZJT6, STM32U5A5ZJT6Q, STM32U5A5ZJY6QTR, STM32U5A9BJY6QTR, STM32U5A9J-DK, STM32U5A9NJH6Q, STM32U5A9VJT6Q, STM32U5A9ZJT6Q, STM32U5A9ZJY6QTR, STM32U5F7VIT6, STM32U5F7VIT6Q, STM32U5F7VJT6, STM32U5F7VJT6Q, STM32U5F9BJY6QTR, STM32U5F9NJH6Q, STM32U5F9VIT6Q, STM32U5F9VJT6Q, STM32U5F9ZIJ6QTR, STM32U5F9ZIT6Q, STM32U5F9ZJJ6QTR, STM32U5F9ZJT6Q, STM32U5G7VJT6, STM32U5G7VJT6Q, STM32U5G9BJY6QTR, STM32U5G9J-DK1, STM32U5G9J-DK2, STM32U5G9NJH6Q, STM32U5G9VJT6Q, STM32U5G9ZJJ6QTR, STM32U5G9ZJT6Q, STM32WB1MMCH6, STM32WBA52CEU6, STM32WBA52CEU6T, STM32WBA52CGU6, STM32WBA52CGU6T, STM32WBA52KEU6, STM32WBA52KEU6T, STM32WBA52KGU6, STM32WBA52KGU6T, STM32WL5MOCH6, STM32WL5MOCH6TR]
2023-09-21 11:55:12,091 [INFO] DbMcus:217 - Found 3848 MCUs, 3848 are supported
2023-09-21 11:55:12,091 [INFO] ApiDb:423 - Load user favorites file C:\Users\mimib/.stm32cubeide/favorites.mcus.txt: 0 item(s)
2023-09-21 11:55:12,091 [INFO] ApiDb:427 - User favorites MCUs=[]
2023-09-21 11:55:12,092 [INFO] DbMcus:223 - Set 0 / 0 favorites MCUs
2023-09-21 11:55:12,327 [WARN] ThirdParty:833 - waiting for thirdparty lock release [change project]
2023-09-21 11:55:12,327 [INFO] ThirdParty:835 - entering critical section [change project]
2023-09-21 11:55:12,327 [INFO] ThirdParty:1030 - CMSIS Pack Vendor :STMicroelectronics USBPD 4.1
2023-09-21 11:55:12,328 [INFO] ThirdParty:1030 - CMSIS Pack Vendor :STMicroelectronics X-CUBE-GNSS1 6.0.0
2023-09-21 11:55:12,328 [INFO] ThirdParty:1030 - CMSIS Pack Vendor :STMicroelectronics USB_HOST 2.0.0
2023-09-21 11:55:12,328 [INFO] ThirdParty:1030 - CMSIS Pack Vendor :STMicroelectronics X-CUBE-AZRTOS-F4 1.1.0
2023-09-21 11:55:12,328 [INFO] ThirdParty:1030 - CMSIS Pack Vendor :STMicroelectronics LIBJPEG 8.0.0
2023-09-21 11:55:12,328 [INFO] ThirdParty:1030 - CMSIS Pack Vendor :STMicroelectronics X-CUBE-SMBUS 2.1.0
2023-09-21 11:55:12,328 [INFO] ThirdParty:1030 - CMSIS Pack Vendor :STMicroelectronics X-CUBE-MEMS1 9.2.0
2023-09-21 11:55:12,328 [INFO] ThirdParty:1030 - CMSIS Pack Vendor :STMicroelectronics X-CUBE-BLEMGR 1.2.0
2023-09-21 11:55:12,328 [INFO] ThirdParty:1030 - CMSIS Pack Vendor :STMicroelectronics X-CUBE-AZRTOS-F7 1.1.0
2023-09-21 11:55:12,328 [INFO] ThirdParty:1030 - CMSIS Pack Vendor :STMicroelectronics X-CUBE-AZRTOS-L5 2.0.0
2023-09-21 11:55:12,328 [INFO] ThirdParty:1030 - CMSIS Pack Vendor :STMicroelectronics USB_DEVICE 2.0.0
2023-09-21 11:55:12,328 [INFO] ThirdParty:1030 - CMSIS Pack Vendor :STMicroelectronics X-CUBE-MEMS1 9.6.0
2023-09-21 11:55:12,328 [INFO] ThirdParty:1030 - CMSIS Pack Vendor :STMicroelectronics X-CUBE-AI 7.1.0
2023-09-21 11:55:12,328 [INFO] ThirdParty:1030 - CMSIS Pack Vendor :STMicroelectronics X-CUBE-TOUCHGFX 4.19.1
2023-09-21 11:55:12,328 [INFO] ThirdParty:1030 - CMSIS Pack Vendor :STMicroelectronics FP-SNS-MOTENV1 4.3.2
2023-09-21 11:55:12,328 [INFO] ThirdParty:1030 - CMSIS Pack Vendor :STMicroelectronics X-CUBE-BLE1 6.2.3
2023-09-21 11:55:12,328 [INFO] ThirdParty:1030 - CMSIS Pack Vendor :STMicroelectronics X-CUBE-BLE1 6.2.4
2023-09-21 11:55:12,328 [INFO] ThirdParty:1030 - CMSIS Pack Vendor :STMicroelectronics FreeRTOS 0.0.1
2023-09-21 11:55:12,328 [INFO] ThirdParty:1030 - CMSIS Pack Vendor :STMicroelectronics X-CUBE-BLEMGR 2.0.0
2023-09-21 11:55:12,328 [INFO] ThirdParty:1030 - CMSIS Pack Vendor :STMicroelectronics FP-SNS-FLIGHT1 5.0.2
2023-09-21 11:55:12,328 [INFO] ThirdParty:1030 - CMSIS Pack Vendor :STMicroelectronics X-CUBE-BLE2 3.2.2
2023-09-21 11:55:12,328 [INFO] ThirdParty:1030 - CMSIS Pack Vendor :STMicroelectronics X-CUBE-NFC4 2.0.4
2023-09-21 11:55:12,328 [INFO] ThirdParty:1030 - CMSIS Pack Vendor :STMicroelectronics X-CUBE-AZRTOS-H7 3.1.0
2023-09-21 11:55:12,328 [INFO] ThirdParty:1030 - CMSIS Pack Vendor :STMicroelectronics PDM2PCM 3.3.0
2023-09-21 11:55:12,328 [INFO] ThirdParty:1030 - CMSIS Pack Vendor :STMicroelectronics X-CUBE-TOF1 3.1.0
2023-09-21 11:55:12,328 [INFO] ThirdParty:1030 - CMSIS Pack Vendor :STMicroelectronics X-CUBE-SFXS2LP1 3.1.0
2023-09-21 11:55:12,328 [INFO] ThirdParty:1030 - CMSIS Pack Vendor :STMicroelectronics X-CUBE-DISPLAY 3.0.0
2023-09-21 11:55:12,328 [INFO] ThirdParty:1030 - CMSIS Pack Vendor :STMicroelectronics X-CUBE-AZRTOS-F4 1.0.0
2023-09-21 11:55:12,328 [INFO] ThirdParty:1030 - CMSIS Pack Vendor :STMicroelectronics X-CUBE-BLE1 7.0.0
2023-09-21 11:55:12,329 [INFO] ThirdParty:1030 - CMSIS Pack Vendor :STMicroelectronics HAL Drivers 0.0.0
2023-09-21 11:55:12,329 [INFO] ThirdParty:1030 - CMSIS Pack Vendor :STMicroelectronics X-CUBE-TOUCHGFX 4.22.0
2023-09-21 11:55:12,329 [INFO] ThirdParty:1030 - CMSIS Pack Vendor :STMicroelectronics X-CUBE-NFC7 1.0.1
2023-09-21 11:55:12,329 [INFO] ThirdParty:1030 - CMSIS Pack Vendor :STMicroelectronics MBEDTLS 2.14.1
2023-09-21 11:55:12,329 [INFO] ThirdParty:1030 - CMSIS Pack Vendor :STMicroelectronics X-CUBE-NFC7 1.0.0
2023-09-21 11:55:12,329 [INFO] ThirdParty:1030 - CMSIS Pack Vendor :STMicroelectronics X-CUBE-NFC6 3.0.0
2023-09-21 11:55:12,329 [INFO] ThirdParty:1030 - CMSIS Pack Vendor :STMicroelectronics X-CUBE-MEMS1 9.3.0
2023-09-21 11:55:12,329 [INFO] ThirdParty:1030 - CMSIS Pack Vendor :STMicroelectronics X-CUBE-EEPRMA1 4.1.0
2023-09-21 11:55:12,329 [INFO] ThirdParty:1030 - CMSIS Pack Vendor :STMicroelectronics X-CUBE-AI 7.2.0
2023-09-21 11:55:12,329 [INFO] ThirdParty:1030 - CMSIS Pack Vendor :STMicroelectronics FP-SNS-SMARTAG2 1.2.0
2023-09-21 11:55:12,329 [INFO] ThirdParty:1030 - CMSIS Pack Vendor :STMicroelectronics X-CUBE-AZRTOS-WL 2.0.0
2023-09-21 11:55:12,329 [INFO] ThirdParty:1030 - CMSIS Pack Vendor :STMicroelectronics USB_DEVICE 1.0.0
2023-09-21 11:55:12,329 [INFO] ThirdParty:1030 - CMSIS Pack Vendor :STMicroelectronics X-CUBE-AI 8.1.0
2023-09-21 11:55:12,329 [INFO] ThirdParty:1030 - CMSIS Pack Vendor :STMicroelectronics X-CUBE-AZRTOS-G0 1.0.0
2023-09-21 11:55:12,329 [INFO] ThirdParty:1030 - CMSIS Pack Vendor :STMicroelectronics X-CUBE-AZRTOS-L4 2.0.0
2023-09-21 11:55:12,329 [INFO] ThirdParty:1030 - CMSIS Pack Vendor :STMicroelectronics ThreadX 0.0.2
2023-09-21 11:55:12,329 [INFO] ThirdParty:1030 - CMSIS Pack Vendor :WES I-CUBE-Cesium 1.3.0
2023-09-21 11:55:12,329 [INFO] ThirdParty:1030 - CMSIS Pack Vendor :STMicroelectronics lwIP 2.1.2
2023-09-21 11:55:12,329 [INFO] ThirdParty:1030 - CMSIS Pack Vendor :STMicroelectronics X-CUBE-SFXS2LP1 4.0.0
2023-09-21 11:55:12,329 [INFO] ThirdParty:1030 - CMSIS Pack Vendor :STMicroelectronics X-CUBE-BLE2 3.3.0
2023-09-21 11:55:12,329 [INFO] ThirdParty:1030 - CMSIS Pack Vendor :STMicroelectronics X-CUBE-DISPLAY 2.2.0
2023-09-21 11:55:12,329 [INFO] ThirdParty:1030 - CMSIS Pack Vendor :STMicroelectronics X-CUBE-TOF1 3.2.0
2023-09-21 11:55:12,329 [INFO] ThirdParty:1030 - CMSIS Pack Vendor :STMicroelectronics PDM2PCM 3.2.0
2023-09-21 11:55:12,329 [INFO] ThirdParty:1030 - CMSIS Pack Vendor :STMicroelectronics X-CUBE-AZRTOS-H7 3.0.0
2023-09-21 11:55:12,329 [INFO] ThirdParty:1030 - CMSIS Pack Vendor :STMicroelectronics X-CUBE-ISPU 1.0.0
2023-09-21 11:55:12,329 [INFO] ThirdParty:1030 - CMSIS Pack Vendor :STMicroelectronics X-CUBE-ISPU 1.1.0
2023-09-21 11:55:12,329 [INFO] ThirdParty:1030 - CMSIS Pack Vendor :RoweBots I-CUBE-UNISONRTOS 5.5.0-4
2023-09-21 11:55:12,329 [INFO] ThirdParty:1030 - CMSIS Pack Vendor :STMicroelectronics X-CUBE-AZRTOS-H7 2.1.0
2023-09-21 11:55:12,329 [INFO] ThirdParty:1030 - CMSIS Pack Vendor :STMicroelectronics USB_DEVICE 3.0.0
2023-09-21 11:55:12,329 [INFO] ThirdParty:1030 - CMSIS Pack Vendor :STMicroelectronics X-CUBE-AZRTOS-WB 2.0.0
2023-09-21 11:55:12,329 [INFO] ThirdParty:1030 - CMSIS Pack Vendor :STMicroelectronics X-CUBE-TOUCHGFX 4.21.1
2023-09-21 11:55:12,329 [INFO] ThirdParty:1030 - CMSIS Pack Vendor :STMicroelectronics X-CUBE-BLEMGR 1.0.0
2023-09-21 11:55:12,329 [INFO] ThirdParty:1030 - CMSIS Pack Vendor :STMicroelectronics X-CUBE-MEMS1 9.4.0
2023-09-21 11:55:12,329 [INFO] ThirdParty:1030 - CMSIS Pack Vendor :STMicroelectronics X-CUBE-AI 7.3.0
2023-09-21 11:55:12,330 [INFO] ThirdParty:1030 - CMSIS Pack Vendor :STMicroelectronics X-CUBE-ALGOBUILD 1.3.0
2023-09-21 11:55:12,330 [INFO] ThirdParty:1030 - CMSIS Pack Vendor :STMicroelectronics X-CUBE-AZRTOS-L5 1.1.0
2023-09-21 11:55:12,330 [INFO] ThirdParty:1030 - CMSIS Pack Vendor :STMicroelectronics X-CUBE-AZRTOS-G0 1.1.0
2023-09-21 11:55:12,330 [INFO] ThirdParty:1030 - CMSIS Pack Vendor :STMicroelectronics X-CUBE-NFC4 3.0.0
2023-09-21 11:55:12,330 [INFO] ThirdParty:1030 - CMSIS Pack Vendor :SEGGER I-CUBE-embOS 1.2.0
2023-09-21 11:55:12,330 [INFO] ThirdParty:1030 - CMSIS Pack Vendor :STMicroelectronics X-CUBE-SUBG2 5.0.0
2023-09-21 11:55:12,330 [INFO] ThirdParty:1030 - CMSIS Pack Vendor :STMicroelectronics STM32_WPAN 1.0.0
2023-09-21 11:55:12,330 [INFO] ThirdParty:1030 - CMSIS Pack Vendor :STMicroelectronics lwIP 2.0.3
2023-09-21 11:55:12,330 [INFO] ThirdParty:1030 - CMSIS Pack Vendor :STMicroelectronics USB_HOST 1.0.0
2023-09-21 11:55:12,330 [INFO] ThirdParty:1030 - CMSIS Pack Vendor :STMicroelectronics X-CUBE-TOF1 3.3.1
2023-09-21 11:55:12,330 [INFO] ThirdParty:1030 - CMSIS Pack Vendor :STMicroelectronics X-CUBE-AZRTOS-G4 2.0.0
2023-09-21 11:55:12,330 [INFO] ThirdParty:1030 - CMSIS Pack Vendor :STMicroelectronics PDM2PCM 3.1.0
2023-09-21 11:55:12,330 [INFO] ThirdParty:1030 - CMSIS Pack Vendor :STMicroelectronics FP-ATR-ASTRA1 1.1.1
2023-09-21 11:55:12,330 [INFO] ThirdParty:1030 - CMSIS Pack Vendor :STMicroelectronics X-CUBE-BLEMGR 1.3.0
2023-09-21 11:55:12,330 [INFO] ThirdParty:1030 - CMSIS Pack Vendor :STMicroelectronics FP-ATR-SIGFOX1 3.2.0
2023-09-21 11:55:12,330 [INFO] ThirdParty:1030 - CMSIS Pack Vendor :STMicroelectronics X-CUBE-AZRTOS-G4 1.0.0
2023-09-21 11:55:12,330 [INFO] ThirdParty:1030 - CMSIS Pack Vendor :wolfSSL I-CUBE-wolfSSL 5.3.0
2023-09-21 11:55:12,330 [INFO] ThirdParty:1030 - CMSIS Pack Vendor :STMicroelectronics X-CUBE-AZRTOS-L4 1.0.0
2023-09-21 11:55:12,330 [INFO] ThirdParty:1030 - CMSIS Pack Vendor :STMicroelectronics MBEDTLS 2.16.2
2023-09-21 11:55:12,330 [INFO] ThirdParty:1030 - CMSIS Pack Vendor :emotas I-CUBE-CANOPEN 1.1.2
2023-09-21 11:55:12,330 [INFO] ThirdParty:1030 - CMSIS Pack Vendor :STMicroelectronics X-CUBE-TOUCHGFX 4.20.0
2023-09-21 11:55:12,330 [INFO] ThirdParty:1030 - CMSIS Pack Vendor :STMicroelectronics X-CUBE-FREERTOS 1.1.0
2023-09-21 11:55:12,330 [INFO] ThirdParty:1030 - CMSIS Pack Vendor :STMicroelectronics X-CUBE-AZRTOS-F7 1.0.0
2023-09-21 11:55:12,330 [INFO] ThirdParty:1030 - CMSIS Pack Vendor :STMicroelectronics X-CUBE-AZRTOS-WL 1.0.0
2023-09-21 11:55:12,330 [INFO] ThirdParty:1030 - CMSIS Pack Vendor :portGmbH I-Cube-SoM-uGOAL 1.1.0
2023-09-21 11:55:12,330 [INFO] ThirdParty:1030 - CMSIS Pack Vendor :STMicroelectronics X-CUBE-ALS 1.0.1
2023-09-21 11:55:12,330 [INFO] ThirdParty:1030 - CMSIS Pack Vendor :STMicroelectronics ThreadX 1.0.0
2023-09-21 11:55:12,330 [INFO] ThirdParty:1030 - CMSIS Pack Vendor :STMicroelectronics X-CUBE-AZRTOS-WB 1.1.0
2023-09-21 11:55:12,330 [INFO] ThirdParty:1030 - CMSIS Pack Vendor :SEGGER I-CUBE-embOS 1.3.1
2023-09-21 11:55:12,330 [INFO] ThirdParty:1030 - CMSIS Pack Vendor :STMicroelectronics X-CUBE-AZRTOS-L5 1.0.0
2023-09-21 11:55:12,330 [INFO] ThirdParty:1030 - CMSIS Pack Vendor :STMicroelectronics X-CUBE-EEPRMA1 3.1.1
2023-09-21 11:55:12,330 [INFO] ThirdParty:1030 - CMSIS Pack Vendor :STMicroelectronics X-CUBE-GNSS1 5.2.0
2023-09-21 11:55:12,330 [INFO] ThirdParty:1030 - CMSIS Pack Vendor :STMicroelectronics FP-ATR-ASTRA1 2.0.0
2023-09-21 11:55:12,330 [INFO] ThirdParty:1030 - CMSIS Pack Vendor :STMicroelectronics X-CUBE-TOF1 3.0.0
2023-09-21 11:55:12,331 [INFO] ThirdParty:841 - exiting critical section [change project]
2023-09-21 11:55:12,583 [INFO] PinOutPanel:1499 - setPackage(No Configuration,No Configuration)
2023-09-21 11:55:12,585 [INFO] PinOutPanel:1499 - setPackage(STM32G070RBTx,LQFP64)
2023-09-21 11:55:12,951 [INFO] UtilMem:75 - Before build in PCC Used Memory: 266290288 Bytes (549453824)
2023-09-21 11:55:13,639 [INFO] UtilMem:75 - After build in PCC Used Memory: 385149040 Bytes (549453824)
2023-09-21 11:55:13,668 [INFO] IPUIPlugin:80 - create IPUIPlugin
2023-09-21 11:55:13,668 [INFO] IPUIPlugin:80 - create IPUIPlugin
2023-09-21 11:55:13,668 [INFO] IPUIPlugin:80 - create IPUIPlugin
2023-09-21 11:55:13,669 [INFO] IPUIPlugin:80 - create IPUIPlugin
2023-09-21 11:55:13,669 [INFO] IPUIPlugin:80 - create IPUIPlugin
2023-09-21 11:55:13,669 [INFO] IPUIPlugin:80 - create IPUIPlugin
2023-09-21 11:55:13,669 [INFO] IPUIPlugin:80 - create IPUIPlugin
2023-09-21 11:55:13,669 [INFO] IPUIPlugin:80 - create IPUIPlugin
2023-09-21 11:55:13,669 [INFO] IPUIPlugin:80 - create IPUIPlugin
2023-09-21 11:55:13,669 [INFO] IPUIPlugin:80 - create IPUIPlugin
2023-09-21 11:55:13,669 [INFO] IPUIPlugin:80 - create IPUIPlugin
2023-09-21 11:55:13,670 [INFO] IPUIPlugin:80 - create IPUIPlugin
2023-09-21 11:55:13,670 [INFO] IPUIPlugin:80 - create IPUIPlugin
2023-09-21 11:55:13,670 [INFO] IPUIPlugin:80 - create IPUIPlugin
2023-09-21 11:55:13,670 [INFO] IPUIPlugin:80 - create IPUIPlugin
2023-09-21 11:55:13,670 [INFO] IPUIPlugin:80 - create IPUIPlugin
2023-09-21 11:55:13,671 [INFO] IPUIPlugin:80 - create IPUIPlugin
2023-09-21 11:55:13,671 [INFO] IPUIPlugin:80 - create IPUIPlugin
2023-09-21 11:55:13,671 [INFO] IPUIPlugin:80 - create IPUIPlugin
2023-09-21 11:55:13,671 [INFO] IPUIPlugin:80 - create IPUIPlugin
2023-09-21 11:55:13,672 [INFO] IPUIPlugin:80 - create IPUIPlugin
2023-09-21 11:55:13,672 [INFO] IPUIPlugin:80 - create IPUIPlugin
2023-09-21 11:55:13,672 [INFO] IPUIPlugin:80 - create IPUIPlugin
2023-09-21 11:55:13,672 [INFO] IPUIPlugin:80 - create IPUIPlugin
2023-09-21 11:55:13,672 [INFO] IPUIPlugin:80 - create IPUIPlugin
2023-09-21 11:55:13,672 [INFO] IPUIPlugin:80 - create IPUIPlugin
2023-09-21 11:55:13,673 [INFO] IPUIPlugin:80 - create IPUIPlugin
2023-09-21 11:55:13,673 [INFO] IPUIPlugin:80 - create IPUIPlugin
2023-09-21 11:55:13,673 [INFO] IPUIPlugin:80 - create IPUIPlugin
2023-09-21 11:55:13,673 [INFO] IPUIPlugin:80 - create IPUIPlugin
2023-09-21 11:55:13,693 [WARN] IP:2114 - FIFOMode not found: check if there is a RefParameter without a condition.
2023-09-21 11:55:13,694 [WARN] IP:2114 - TXFIFOThreshold not found: check if there is a RefParameter without a condition.
2023-09-21 11:55:13,694 [WARN] IP:2114 - RXFIFOThreshold not found: check if there is a RefParameter without a condition.
2023-09-21 11:55:13,694 [WARN] IP:2114 - AutoBaudRateEnableParam not found: check if there is a RefParameter without a condition.
2023-09-21 11:55:13,871 [INFO] CADModel:165 - CPN selected for project levelSTM32G070RBT6
2023-09-21 11:55:13,871 [INFO] CADModel:114 - Register for checkConnection events
2023-09-21 11:55:13,921 [INFO] OpenFileManager:328 - Restore cursor
2023-09-21 11:55:14,049 [WARN] IP:2114 - FIFOMode not found: check if there is a RefParameter without a condition.
2023-09-21 11:55:14,050 [WARN] IP:2114 - TXFIFOThreshold not found: check if there is a RefParameter without a condition.
2023-09-21 11:55:14,050 [WARN] IP:2114 - RXFIFOThreshold not found: check if there is a RefParameter without a condition.
2023-09-21 11:55:14,050 [WARN] IP:2114 - AutoBaudRateEnableParam not found: check if there is a RefParameter without a condition.
2023-09-21 11:55:14,051 [WARN] IP:2114 - FIFOMode not found: check if there is a RefParameter without a condition.
2023-09-21 11:55:14,052 [WARN] IP:2114 - TXFIFOThreshold not found: check if there is a RefParameter without a condition.
2023-09-21 11:55:14,052 [WARN] IP:2114 - RXFIFOThreshold not found: check if there is a RefParameter without a condition.
2023-09-21 11:55:14,052 [WARN] IP:2114 - AutoBaudRateEnableParam not found: check if there is a RefParameter without a condition.
2023-09-21 11:55:24,119 [ERROR] LogOutputStream:75 - [STDERR_REDIRECT] SLF4J: Failed to load class "org.slf4j.impl.StaticLoggerBinder".
2023-09-21 11:55:24,120 [ERROR] LogOutputStream:75 - [STDERR_REDIRECT] SLF4J: Defaulting to no-operation (NOP) logger implementation
2023-09-21 11:55:24,122 [ERROR] LogOutputStream:75 - [STDERR_REDIRECT] SLF4J: See http://www.slf4j.org/codes.html#StaticLoggerBinder for further details.
2023-09-21 11:55:26,720 [WARN] IP:2114 - FIFOMode not found: check if there is a RefParameter without a condition.
2023-09-21 11:55:26,720 [WARN] IP:2114 - TXFIFOThreshold not found: check if there is a RefParameter without a condition.
2023-09-21 11:55:26,720 [WARN] IP:2114 - RXFIFOThreshold not found: check if there is a RefParameter without a condition.
2023-09-21 11:55:26,721 [WARN] IP:2114 - AutoBaudRateEnableParam not found: check if there is a RefParameter without a condition.
2023-09-21 11:55:26,722 [WARN] IP:2114 - FIFOMode not found: check if there is a RefParameter without a condition.
2023-09-21 11:55:26,722 [WARN] IP:2114 - TXFIFOThreshold not found: check if there is a RefParameter without a condition.
2023-09-21 11:55:26,722 [WARN] IP:2114 - RXFIFOThreshold not found: check if there is a RefParameter without a condition.
2023-09-21 11:55:26,722 [WARN] IP:2114 - AutoBaudRateEnableParam not found: check if there is a RefParameter without a condition.
2023-09-21 11:55:26,939 [WARN] IP:2114 - FIFOMode not found: check if there is a RefParameter without a condition.
2023-09-21 11:55:26,939 [WARN] IP:2114 - TXFIFOThreshold not found: check if there is a RefParameter without a condition.
2023-09-21 11:55:26,939 [WARN] IP:2114 - RXFIFOThreshold not found: check if there is a RefParameter without a condition.
2023-09-21 11:55:26,939 [WARN] IP:2114 - AutoBaudRateEnableParam not found: check if there is a RefParameter without a condition.
2023-09-21 11:55:27,058 [WARN] IP:2114 - FIFOMode not found: check if there is a RefParameter without a condition.
2023-09-21 11:55:27,059 [WARN] IP:2114 - TXFIFOThreshold not found: check if there is a RefParameter without a condition.
2023-09-21 11:55:27,059 [WARN] IP:2114 - RXFIFOThreshold not found: check if there is a RefParameter without a condition.
2023-09-21 11:55:27,059 [WARN] IP:2114 - AutoBaudRateEnableParam not found: check if there is a RefParameter without a condition.
2023-09-21 11:55:29,335 [WARN] IP:2114 - FIFOMode not found: check if there is a RefParameter without a condition.
2023-09-21 11:55:29,335 [WARN] IP:2114 - TXFIFOThreshold not found: check if there is a RefParameter without a condition.
2023-09-21 11:55:29,335 [WARN] IP:2114 - RXFIFOThreshold not found: check if there is a RefParameter without a condition.
2023-09-21 11:55:29,335 [WARN] IP:2114 - AutoBaudRateEnableParam not found: check if there is a RefParameter without a condition.
2023-09-21 11:55:29,336 [WARN] IP:2114 - FIFOMode not found: check if there is a RefParameter without a condition.
2023-09-21 11:55:29,336 [WARN] IP:2114 - TXFIFOThreshold not found: check if there is a RefParameter without a condition.
2023-09-21 11:55:29,336 [WARN] IP:2114 - RXFIFOThreshold not found: check if there is a RefParameter without a condition.
2023-09-21 11:55:29,336 [WARN] IP:2114 - AutoBaudRateEnableParam not found: check if there is a RefParameter without a condition.
2023-09-21 11:55:29,486 [WARN] IP:2114 - FIFOMode not found: check if there is a RefParameter without a condition.
2023-09-21 11:55:29,486 [WARN] IP:2114 - TXFIFOThreshold not found: check if there is a RefParameter without a condition.
2023-09-21 11:55:29,486 [WARN] IP:2114 - RXFIFOThreshold not found: check if there is a RefParameter without a condition.
2023-09-21 11:55:29,486 [WARN] IP:2114 - AutoBaudRateEnableParam not found: check if there is a RefParameter without a condition.
2023-09-21 11:55:29,604 [WARN] IP:2114 - FIFOMode not found: check if there is a RefParameter without a condition.
2023-09-21 11:55:29,604 [WARN] IP:2114 - TXFIFOThreshold not found: check if there is a RefParameter without a condition.
2023-09-21 11:55:29,604 [WARN] IP:2114 - RXFIFOThreshold not found: check if there is a RefParameter without a condition.
2023-09-21 11:55:29,604 [WARN] IP:2114 - AutoBaudRateEnableParam not found: check if there is a RefParameter without a condition.
2023-09-21 11:56:56,941 [INFO] UtilMem:75 - End SaveConfig() Used Memory: 574102720 Bytes (1073741824)
2023-09-21 11:56:57,886 [INFO] UtilMem:75 - End SaveConfig() Used Memory: 495910032 Bytes (1073741824)
2023-09-21 11:56:59,921 [INFO] UtilMem:75 - End SaveConfig() Used Memory: 562355904 Bytes (1073741824)
2023-09-21 11:57:00,350 [INFO] BlockDiagram:2759 - set Specific Code input for plugin: NVIC
2023-09-21 11:57:00,350 [INFO] BlockDiagram:2759 - set Specific Code input for plugin: USART
2023-09-21 11:57:00,350 [INFO] BlockDiagram:2759 - set Specific Code input for plugin: USART
2023-09-21 11:57:00,350 [INFO] BlockDiagram:2759 - set Specific Code input for plugin: USART
2023-09-21 11:57:00,350 [INFO] BlockDiagram:2759 - set Specific Code input for plugin: TIM1_8G0
2023-09-21 11:57:00,350 [INFO] BlockDiagram:2759 - set Specific Code input for plugin: TIM1_8G0
2023-09-21 11:57:00,350 [INFO] BlockDiagram:2759 - set Specific Code input for plugin: TIM1_8G0
2023-09-21 11:57:00,350 [INFO] BlockDiagram:2759 - set Specific Code input for plugin: TIM1_8G0
2023-09-21 11:57:00,350 [INFO] BlockDiagram:2759 - set Specific Code input for plugin: TIM1_8G0
2023-09-21 11:57:00,350 [INFO] BlockDiagram:2759 - set Specific Code input for plugin: TIM1_8G0
2023-09-21 11:57:00,350 [INFO] BlockDiagram:2759 - set Specific Code input for plugin: SYS
2023-09-21 11:57:00,351 [INFO] BlockDiagram:2759 - set Specific Code input for plugin: GPIO
2023-09-21 11:57:00,351 [INFO] BlockDiagram:2759 - set Specific Code input for plugin: ADC
2023-09-21 11:57:00,351 [INFO] BlockDiagram:2759 - set Specific Code input for plugin: RCC
2023-09-21 11:57:00,352 [INFO] CodeGenerator:799 - code generatio: config db path: C:\ST\STM32CubeIDE_1.13.1\STM32CubeIDE\plugins\com.st.stm32cube.common.mx_6.9.1.202307191849\\db\
2023-09-21 11:57:00,414 [WARN] IP:2114 - FIFOMode not found: check if there is a RefParameter without a condition.
2023-09-21 11:57:00,414 [WARN] IP:2114 - TXFIFOThreshold not found: check if there is a RefParameter without a condition.
2023-09-21 11:57:00,414 [WARN] IP:2114 - RXFIFOThreshold not found: check if there is a RefParameter without a condition.
2023-09-21 11:57:00,414 [WARN] IP:2114 - AutoBaudRateEnableParam not found: check if there is a RefParameter without a condition.
2023-09-21 11:57:00,638 [INFO] CodeEngine:255 - oldGeneratedFile, C:\Users\mimib\Documents\1-ENSEA\1-ESE\Projet\Git\ESE2024\robot_chat_code\MXTmpFiles\license.tmp_save
2023-09-21 11:57:00,963 [INFO] CodeEngine:279 - Generated code: C:\Users\mimib\Documents\1-ENSEA\1-ESE\Projet\Git\ESE2024\robot_chat_code\MXTmpFiles\license.tmp
2023-09-21 11:57:01,128 [INFO] CodeEngine:255 - oldGeneratedFile, C:\Users\mimib\Documents\1-ENSEA\1-ESE\Projet\Git\ESE2024\robot_chat_code\MXTmpFiles\gpio.tmp_save
2023-09-21 11:57:01,275 [INFO] CodeEngine:279 - Generated code: C:\Users\mimib\Documents\1-ENSEA\1-ESE\Projet\Git\ESE2024\robot_chat_code\MXTmpFiles\gpio.tmp
2023-09-21 11:57:02,537 [INFO] CodeEngine:255 - oldGeneratedFile, C:\Users\mimib\Documents\1-ENSEA\1-ESE\Projet\Git\ESE2024\robot_chat_code\Core\Src\stm32g0xx_it.c_save
2023-09-21 11:57:02,666 [INFO] CodeEngine:279 - Generated code: C:\Users\mimib\Documents\1-ENSEA\1-ESE\Projet\Git\ESE2024\robot_chat_code\Core\Src\stm32g0xx_it.c
2023-09-21 11:57:02,673 [INFO] CodeEngine:255 - oldGeneratedFile, C:\Users\mimib\Documents\1-ENSEA\1-ESE\Projet\Git\ESE2024\robot_chat_code\Core\Inc\stm32g0xx_it.h_save
2023-09-21 11:57:02,743 [INFO] CodeEngine:279 - Generated code: C:\Users\mimib\Documents\1-ENSEA\1-ESE\Projet\Git\ESE2024\robot_chat_code\Core\Inc\stm32g0xx_it.h
2023-09-21 11:57:02,763 [INFO] CodeEngine:255 - oldGeneratedFile, C:\Users\mimib\Documents\1-ENSEA\1-ESE\Projet\Git\ESE2024\robot_chat_code\Core\Src\stm32g0xx_hal_msp.c_save
2023-09-21 11:57:02,959 [INFO] CodeEngine:279 - Generated code: C:\Users\mimib\Documents\1-ENSEA\1-ESE\Projet\Git\ESE2024\robot_chat_code\Core\Src\stm32g0xx_hal_msp.c
2023-09-21 11:57:02,975 [INFO] CodeEngine:255 - oldGeneratedFile, C:\Users\mimib\Documents\1-ENSEA\1-ESE\Projet\Git\ESE2024\robot_chat_code\MXTmpFiles\system.tmp_save
2023-09-21 11:57:03,033 [INFO] CodeEngine:279 - Generated code: C:\Users\mimib\Documents\1-ENSEA\1-ESE\Projet\Git\ESE2024\robot_chat_code\MXTmpFiles\system.tmp
2023-09-21 11:57:03,058 [INFO] CodeEngine:311 - oldGeneratedFile, C:\Users\mimib\Documents\1-ENSEA\1-ESE\Projet\Git\ESE2024\robot_chat_code\Core\Inc\stm32g0xx_hal_conf.h_save
2023-09-21 11:57:03,162 [INFO] CodeEngine:335 - Generated code: C:\Users\mimib\Documents\1-ENSEA\1-ESE\Projet\Git\ESE2024\robot_chat_code\Core\Inc\stm32g0xx_hal_conf.h
2023-09-21 11:57:03,188 [WARN] IPConfigManager:3431 - IP not found : TIM
2023-09-21 11:57:03,188 [WARN] CodeGenerator:3760 - IP not found : null
2023-09-21 11:57:03,204 [INFO] CodeEngine:255 - oldGeneratedFile, C:\Users\mimib\Documents\1-ENSEA\1-ESE\Projet\Git\ESE2024\robot_chat_code\Core\Inc\main.h_save
2023-09-21 11:57:03,302 [INFO] CodeEngine:279 - Generated code: C:\Users\mimib\Documents\1-ENSEA\1-ESE\Projet\Git\ESE2024\robot_chat_code\Core\Inc\main.h
2023-09-21 11:57:03,321 [INFO] CodeEngine:255 - oldGeneratedFile, C:\Users\mimib\Documents\1-ENSEA\1-ESE\Projet\Git\ESE2024\robot_chat_code\Core\Src\main.c_save
2023-09-21 11:57:03,538 [INFO] CodeEngine:279 - Generated code: C:\Users\mimib\Documents\1-ENSEA\1-ESE\Projet\Git\ESE2024\robot_chat_code\Core\Src\main.c
2023-09-21 11:57:03,968 [INFO] ProjectBuilder:3064 - Time for Copy HAL[2] : 1mS.
2023-09-21 11:57:03,976 [INFO] ProjectBuilder:4404 - Project Generator version: 4.1.0
2023-09-21 11:57:04,166 [INFO] ConfigFileManager:1457 - The Die is : DIE460
2023-09-21 11:57:04,174 [INFO] ApiDbMcu:507 - Load IP Config File for FATFS
2023-09-21 11:57:04,180 [INFO] ApiDbMcu:507 - Load IP Config File for FREERTOS
2023-09-21 11:57:04,909 [INFO] LogOutputStream:77 - [STDOUT_REDIRECT] 
2023-09-21 11:57:06,384 [INFO] ProjectBuilder:4626 - Time for Generating toolchain IDE Files: 2408mS.
2023-09-21 11:57:06,385 [INFO] ProjectBuilder:2935 - Time for Copy CMSIS : 0mS.
2023-09-21 11:57:06,387 [INFO] ProjectBuilder:2935 - Time for Copy CMSIS : 0mS.
