16:05:09 **** Incremental Build of configuration Debug for project strat_dev ****
make -j12 all 
arm-none-eabi-gcc "../Core/Src/main.c" -mcpu=cortex-m4 -std=gnu11 -g3 -DDEBUG -DUSE_HAL_DRIVER -DSTM32F410Rx -c -I../Core/Inc -I../Drivers/STM32F4xx_HAL_Driver/Inc -I../Drivers/STM32F4xx_HAL_Driver/Inc/Legacy -I../Drivers/CMSIS/Device/ST/STM32F4xx/Include -I../Drivers/CMSIS/Include -I../Middlewares/Third_Party/FreeRTOS/Source/include -I../Middlewares/Third_Party/FreeRTOS/Source/CMSIS_RTOS -I../Middlewares/Third_Party/FreeRTOS/Source/portable/GCC/ARM_CM4F -I"C:/Users/les_victor/Documents/Vrais_docs/ENSEA/Cours 3A/ESE2024/strat_dev/Prod" -I"C:/Users/les_victor/Documents/Vrais_docs/ENSEA/Cours 3A/ESE2024/strat_dev/Prod/Inc" -O0 -ffunction-sections -fdata-sections -Wall -fstack-usage -fcyclomatic-complexity -MMD -MP -MF"Core/Src/main.d" -MT"Core/Src/main.o" --specs=nano.specs -mfpu=fpv4-sp-d16 -mfloat-abi=hard -mthumb -o "Core/Src/main.o"
../Core/Src/main.c: In function 'printfTask':
../Core/Src/main.c:111:43: warning: pointer targets in passing argument 1 of 'strlen' differ in signedness [-Wpointer-sign]
  111 |                 uint16_t msg_len = strlen(msg);
      |                                           ^~~
      |                                           |
      |                                           uint8_t * {aka unsigned char *}
In file included from ../Core/Src/main.c:26:
C:\ST\STM32CubeIDE_1.9.0\STM32CubeIDE\plugins\com.st.stm32cube.ide.mcu.externaltools.gnu-tools-for-stm32.11.3.rel1.win32_1.1.0.202305231506\tools\bin/../lib/gcc/arm-none-eabi/11.3.1/../../../../arm-none-eabi/include/string.h:41:18: note: expected 'const char *' but argument is of type 'uint8_t *' {aka 'unsigned char *'}
   41 | size_t   strlen (const char *);
      |                  ^~~~~~~~~~~~
../Core/Src/main.c: In function 'task_Strategy':
../Core/Src/main.c:139:41: warning: suggest parentheses around arithmetic in operand of '|' [-Wparentheses]
  139 |                 strat_mode = strat_mode & 0xF0FF | TURN_CLOCK;
      |                              ~~~~~~~~~~~^~~~~~~~
../Core/Src/main.c:143:41: warning: suggest parentheses around arithmetic in operand of '|' [-Wparentheses]
  143 |                 strat_mode = strat_mode & 0xFFF0 | FALL_FORWARD;
      |                              ~~~~~~~~~~~^~~~~~~~
arm-none-eabi-gcc -o "strat_dev.elf" @"objects.list"   -mcpu=cortex-m4 -T"C:\Users\les_victor\Documents\Vrais_docs\ENSEA\Cours 3A\ESE2024\strat_dev\STM32F410RBTX_FLASH.ld" --specs=nosys.specs -Wl,-Map="strat_dev.map" -Wl,--gc-sections -static --specs=nano.specs -mfpu=fpv4-sp-d16 -mfloat-abi=hard -mthumb -Wl,--start-group -lc -lm -Wl,--end-group
Finished building target: strat_dev.elf
 
arm-none-eabi-size   strat_dev.elf 
arm-none-eabi-objdump -h -S  strat_dev.elf  > "strat_dev.list"
arm-none-eabi-objcopy  -O binary  strat_dev.elf  "strat_dev.bin"
   text	   data	    bss	    dec	    hex	filename
  20948	    120	  22984	  44052	   ac14	strat_dev.elf
Finished building: default.size.stdout
 
Finished building: strat_dev.bin
 
Finished building: strat_dev.list
 
16:05:14 **** Incremental Build of configuration Debug for project strat_dev ****
make -j12 all 
arm-none-eabi-size   strat_dev.elf 
   text	   data	    bss	    dec	    hex	filename
  20948	    120	  22984	  44052	   ac14	strat_dev.elf
Finished building: default.size.stdout
 
